#states step:0
#current participants:
0	ParticipantState.available	NULL	[-74.00833917667238, 40.72781319361712]	[-74.0163, 40.7151]	[-73.9833, 40.7678]	0.0471794982289	0.015	
1	ParticipantState.available	NULL	[-74.0034, 40.7294]	[-74.0034, 40.7294]	[-73.9983, 40.7238]	0.0075742986474	0.0	
2	ParticipantState.available	NULL	[-73.9906836901291, 40.751778458380436]	[-74.0052, 40.748]	[-73.9226, 40.7695]	0.0703522700343	0.015	
3	ParticipantState.available	NULL	[-73.972500827429, 40.75031573273003]	[-73.9602, 40.7589]	[-73.9976, 40.7328]	0.030606688106	0.015	
4	ParticipantState.available	NULL	[-74.162460159323, 40.69428156373594]	[-74.1772, 40.6915]	[-73.9965, 40.7256]	0.168889368915	0.015	
#current running_schedules: 0
#current pending_schedules: 1
task1	TaskState.pending	-1	[-73.98038482666016, 40.754146575927734]	[-73.98038482666016, 40.754146575927734]	[-74.00540924072266, 40.72864532470703]	1.0	2.5	13.0	0	0.0357286315578	
#current finished_schedules: 0
#total reward:0.0

#states step:1
#current participants:
0	ParticipantState.available	NULL	[-74.00037835334477, 40.740526387234254]	[-74.0163, 40.7151]	[-73.9833, 40.7678]	0.0321794982289	0.015	
1	ParticipantState.available	NULL	[-74.0034, 40.7294]	[-74.0034, 40.7294]	[-73.9881, 40.7545]	0.0293955778987	0.0	
2	ParticipantState.available	NULL	[-73.97616738025822, 40.755556916760874]	[-74.0052, 40.748]	[-73.9226, 40.7695]	0.0553522700342	0.015	
3	ParticipantState.working	task1	[-73.984801654858, 40.74173146546006]	[-73.984801654858, 40.74173146546006]	[-73.98038482666016, 40.754146575927734]	0.0131773798326	0.015	
4	ParticipantState.available	NULL	[-74.14772031864602, 40.697063127471885]	[-74.1772, 40.6915]	[-73.9965, 40.7256]	0.153889368915	0.015	
#current running_schedules: 1
task1	TaskState.picking	3	[-73.98038482666016, 40.754146575927734]	[-73.98038482666016, 40.754146575927734]	[-74.00540924072266, 40.72864532470703]	1.0	2.5	13.0	0	0.0357286315578	
#current pending_schedules: 1
task2	TaskState.pending	-1	[-73.98038482666016, 40.754146575927734]	[-73.98038482666016, 40.754146575927734]	[-74.00540924072266, 40.72864532470703]	1.0	2.5	13.0	0	0.0357286315578	
#current finished_schedules: 0
#total reward:-0.015

#states step:2
#current participants:
0	ParticipantState.available	NULL	[-73.99241753001716, 40.75323958085138]	[-74.0163, 40.7151]	[-73.9833, 40.7678]	0.0171794982289	0.015	
1	ParticipantState.available	NULL	[-73.99559270324296, 40.74220804892821]	[-74.0034, 40.7294]	[-73.9881, 40.7545]	0.0143955778987	0.015	
2	ParticipantState.working	task2	[-73.9616510703873, 40.75933537514131]	[-73.9616510703873, 40.75933537514131]	[-73.98038482666016, 40.754146575927734]	0.019439065342	0.015	
3	ParticipantState.working	task1	[-73.98038482666016, 40.754146575927734]	[-73.984801654858, 40.74173146546006]	[-73.98038482666016, 40.754146575927734]	0.0	0.0131773798326	
4	ParticipantState.available	NULL	[-74.13298047796904, 40.69984469120783]	[-74.1772, 40.6915]	[-73.9965, 40.7256]	0.138889368915	0.015	
#current running_schedules: 2
task1	TaskState.picked	3	[-73.98038482666016, 40.754146575927734]	[-73.98038482666016, 40.754146575927734]	[-74.00540924072266, 40.72864532470703]	1.0	2.5	13.0	0	0.0357286315578	
task2	TaskState.picking	2	[-73.98038482666016, 40.754146575927734]	[-73.98038482666016, 40.754146575927734]	[-74.00540924072266, 40.72864532470703]	1.0	2.5	13.0	0	0.0357286315578	
#current pending_schedules: 1
task3	TaskState.pending	-1	[-73.98974609375, 40.75674819946289]	[-73.98974609375, 40.75674819946289]	[-73.97563171386719, 40.76338577270508]	1.0	1.2	7.5	0	0.0155972144315	
#current finished_schedules: 0
#total reward:-0.0431773798326

#states step:3
#current participants:
0	ParticipantState.working	task3	[-73.98445670668954, 40.7659527744685]	[-73.98445670668954, 40.7659527744685]	[-73.98974609375, 40.75674819946289]	0.0106161111764	0.015	
1	ParticipantState.available	NULL	[-74.0034, 40.7294]	[-74.0034, 40.7294]	[-73.9777, 40.7596]	0.0396551383808	0.0	
2	ParticipantState.working	task2	[-73.9761068242597, 40.75533147954065]	[-73.9616510703873, 40.75933537514131]	[-73.98038482666016, 40.754146575927734]	0.00443906534197	0.015	
3	ParticipantState.available	NULL	[-73.984801654858, 40.74173146546006]	[-73.984801654858, 40.74173146546006]	[-73.9835, 40.7624]	0.0207094815338	0.0	
4	ParticipantState.available	NULL	[-74.11824063729205, 40.70262625494377]	[-74.1772, 40.6915]	[-73.9965, 40.7256]	0.123889368915	0.015	
#current running_schedules: 2
task2	TaskState.picking	2	[-73.98038482666016, 40.754146575927734]	[-73.98038482666016, 40.754146575927734]	[-74.00540924072266, 40.72864532470703]	1.0	2.5	13.0	0	0.0357286315578	
task3	TaskState.picking	0	[-73.98974609375, 40.75674819946289]	[-73.98974609375, 40.75674819946289]	[-73.97563171386719, 40.76338577270508]	1.0	1.2	7.5	0	0.0155972144315	
#current pending_schedules: 1
task4	TaskState.pending	-1	[-73.97471618652344, 40.756141662597656]	[-73.97471618652344, 40.756141662597656]	[-73.97882080078125, 40.7559928894043]	1.0	0.51	5.5	0	0.00410730954135	
#current finished_schedules: 1
task1	TaskState.finished	3	[-73.98038482666016, 40.754146575927734]	[-73.98038482666016, 40.754146575927734]	[-74.00540924072266, 40.72864532470703]	1.0	2.5	13.0	1	0.0357286315578	
#total reward:0.0340085148407

#states step:4
#current participants:
0	ParticipantState.working	task3	[-73.98974609375, 40.75674819946289]	[-73.98445670668954, 40.7659527744685]	[-73.98974609375, 40.75674819946289]	0.0	0.0106161111764	
1	ParticipantState.available	NULL	[-73.99367868730913, 40.74082348806477]	[-74.0034, 40.7294]	[-73.9777, 40.7596]	0.0246551383808	0.015	
2	ParticipantState.working	task2	[-73.98038482666016, 40.754146575927734]	[-73.9616510703873, 40.75933537514131]	[-73.98038482666016, 40.754146575927734]	0.0	0.00443906534196	
3	ParticipantState.working	task4	[-73.98385885854329, 40.756701807310165]	[-73.98385885854329, 40.756701807310165]	[-73.97471618652344, 40.756141662597656]	0.00915981515979	0.015	
4	ParticipantState.available	NULL	[-74.10350079661507, 40.70540781867972]	[-74.1772, 40.6915]	[-73.9965, 40.7256]	0.108889368915	0.015	
#current running_schedules: 3
task2	TaskState.picked	2	[-73.98038482666016, 40.754146575927734]	[-73.98038482666016, 40.754146575927734]	[-74.00540924072266, 40.72864532470703]	1.0	2.5	13.0	0	0.0357286315578	
task3	TaskState.picked	0	[-73.98974609375, 40.75674819946289]	[-73.98974609375, 40.75674819946289]	[-73.97563171386719, 40.76338577270508]	1.0	1.2	7.5	0	0.0155972144315	
task4	TaskState.picking	3	[-73.97471618652344, 40.756141662597656]	[-73.97471618652344, 40.756141662597656]	[-73.97882080078125, 40.7559928894043]	1.0	0.51	5.5	0	0.00410730954135	
#current pending_schedules: 1
task5	TaskState.pending	-1	[-73.95618438720703, 40.779815673828125]	[-73.95618438720703, 40.779815673828125]	[-73.97400665283203, 40.784698486328125]	1.0	1.26	7.0	0	0.0184790424513	
#current finished_schedules: 1
task1	TaskState.finished	3	[-73.98038482666016, 40.754146575927734]	[-73.98038482666016, 40.754146575927734]	[-74.00540924072266, 40.72864532470703]	1.0	2.5	13.0	1	0.0357286315578	
#total reward:0.00395333832241

#states step:5
#current participants:
0	ParticipantState.available	NULL	[-73.98445670668954, 40.7659527744685]	[-73.98445670668954, 40.7659527744685]	[-73.9973, 40.7418]	0.0273551950749	0.0	
1	ParticipantState.working	task5	[-73.98395737461823, 40.75224697612954]	[-73.98395737461823, 40.75224697612954]	[-73.95618438720703, 40.779815673828125]	0.0391327474443	0.015	
2	ParticipantState.available	NULL	[-73.9616510703873, 40.75933537514131]	[-73.9616510703873, 40.75933537514131]	[-74.034, 40.72]	0.0823507094906	0.0	
3	ParticipantState.working	task4	[-73.97471618652344, 40.756141662597656]	[-73.98385885854329, 40.756701807310165]	[-73.97471618652344, 40.756141662597656]	0.0	0.00915981515979	
4	ParticipantState.available	NULL	[-74.08876095593808, 40.70818938241566]	[-74.1772, 40.6915]	[-73.9965, 40.7256]	0.0938893689151	0.015	
#current running_schedules: 2
task4	TaskState.picked	3	[-73.97471618652344, 40.756141662597656]	[-73.97471618652344, 40.756141662597656]	[-73.97882080078125, 40.7559928894043]	1.0	0.51	5.5	0	0.00410730954135	
task5	TaskState.picking	1	[-73.95618438720703, 40.779815673828125]	[-73.95618438720703, 40.779815673828125]	[-73.97400665283203, 40.784698486328125]	1.0	1.26	7.0	0	0.0184790424513	
#current pending_schedules: 1
task6	TaskState.pending	-1	[-73.99114990234375, 40.7595329284668]	[-73.99114990234375, 40.7595329284668]	[-73.99590301513672, 40.74005889892578]	1.0	1.76	15.0	0	0.0200456954927	
#current finished_schedules: 3
task1	TaskState.finished	3	[-73.98038482666016, 40.754146575927734]	[-73.98038482666016, 40.754146575927734]	[-74.00540924072266, 40.72864532470703]	1.0	2.5	13.0	1	0.0357286315578	
task2	TaskState.finished	2	[-73.98038482666016, 40.754146575927734]	[-73.98038482666016, 40.754146575927734]	[-74.00540924072266, 40.72864532470703]	1.0	2.5	13.0	1	0.0357286315578	
task3	TaskState.finished	0	[-73.98974609375, 40.75674819946289]	[-73.98974609375, 40.75674819946289]	[-73.97563171386719, 40.76338577270508]	1.0	1.2	7.5	1	0.0155972144315	
#total reward:0.13377106113

#states step:6
#current participants:
0	ParticipantState.working	task6	[-73.99149922271363, 40.75270879591029]	[-73.99149922271363, 40.75270879591029]	[-73.99114990234375, 40.7595329284668]	0.00683306738366	0.015	
1	ParticipantState.working	task5	[-73.97331169195152, 40.762814352367755]	[-73.98395737461823, 40.75224697612954]	[-73.95618438720703, 40.779815673828125]	0.0241327474443	0.015	
2	ParticipantState.available	NULL	[-73.97482926825475, 40.75217052336566]	[-73.9616510703873, 40.75933537514131]	[-74.034, 40.72]	0.0673507094906	0.015	
3	ParticipantState.available	NULL	[-73.98385885854329, 40.756701807310165]	[-73.98385885854329, 40.756701807310165]	[-73.7768, 40.6459]	0.234841247238	0.0	
4	ParticipantState.available	NULL	[-74.07402111526109, 40.710970946151605]	[-74.1772, 40.6915]	[-73.9965, 40.7256]	0.0788893689151	0.015	
#current running_schedules: 2
task5	TaskState.picking	1	[-73.95618438720703, 40.779815673828125]	[-73.95618438720703, 40.779815673828125]	[-73.97400665283203, 40.784698486328125]	1.0	1.26	7.0	0	0.0184790424513	
task6	TaskState.picking	0	[-73.99114990234375, 40.7595329284668]	[-73.99114990234375, 40.7595329284668]	[-73.99590301513672, 40.74005889892578]	1.0	1.76	15.0	0	0.0200456954927	
#current pending_schedules: 1
task7	TaskState.pending	-1	[-73.99822235107422, 40.72013854980469]	[-73.99822235107422, 40.72013854980469]	[-73.97673034667969, 40.739288330078125]	1.0	2.11	9.5	0	0.0287857662294	
#current finished_schedules: 4
task1	TaskState.finished	3	[-73.98038482666016, 40.754146575927734]	[-73.98038482666016, 40.754146575927734]	[-74.00540924072266, 40.72864532470703]	1.0	2.5	13.0	1	0.0357286315578	
task2	TaskState.finished	2	[-73.98038482666016, 40.754146575927734]	[-73.98038482666016, 40.754146575927734]	[-74.00540924072266, 40.72864532470703]	1.0	2.5	13.0	1	0.0357286315578	
task3	TaskState.finished	0	[-73.98974609375, 40.75674819946289]	[-73.98974609375, 40.75674819946289]	[-73.97563171386719, 40.76338577270508]	1.0	1.2	7.5	1	0.0155972144315	
task4	TaskState.finished	3	[-73.97471618652344, 40.756141662597656]	[-73.97471618652344, 40.756141662597656]	[-73.97882080078125, 40.7559928894043]	1.0	0.51	5.5	1	0.00410730954135	
#total reward:0.116092989755

#states step:7
#current participants:
0	ParticipantState.working	task6	[-73.99114990234375, 40.7595329284668]	[-73.99149922271363, 40.75270879591029]	[-73.99114990234375, 40.7595329284668]	0.0	0.00683306738366	
1	ParticipantState.working	task5	[-73.96266600928483, 40.77338172860597]	[-73.98395737461823, 40.75224697612954]	[-73.95618438720703, 40.779815673828125]	0.00913274744428	0.015	
2	ParticipantState.available	NULL	[-73.98800746612218, 40.745005671590015]	[-73.9616510703873, 40.75933537514131]	[-74.034, 40.72]	0.0523507094906	0.015	
3	ParticipantState.working	task7	[-73.97063340128366, 40.74962457054193]	[-73.97063340128366, 40.74962457054193]	[-73.99822235107422, 40.72013854980469]	0.0403803859499	0.015	
4	ParticipantState.available	NULL	[-74.05928127458411, 40.71375250988755]	[-74.1772, 40.6915]	[-73.9965, 40.7256]	0.0638893689151	0.015	
#current running_schedules: 3
task5	TaskState.picking	1	[-73.95618438720703, 40.779815673828125]	[-73.95618438720703, 40.779815673828125]	[-73.97400665283203, 40.784698486328125]	1.0	1.26	7.0	0	0.0184790424513	
task6	TaskState.picked	0	[-73.99114990234375, 40.7595329284668]	[-73.99114990234375, 40.7595329284668]	[-73.99590301513672, 40.74005889892578]	1.0	1.76	15.0	0	0.0200456954927	
task7	TaskState.picking	3	[-73.99822235107422, 40.72013854980469]	[-73.99822235107422, 40.72013854980469]	[-73.97673034667969, 40.739288330078125]	1.0	2.11	9.5	0	0.0287857662294	
#current pending_schedules: 1
task8	TaskState.pending	-1	[-73.99427795410156, 40.75093078613281]	[-73.99427795410156, 40.75093078613281]	[-73.96942138671875, 40.749176025390625]	1.0	1.7	13.0	0	0.0249184294713	
#current finished_schedules: 4
task1	TaskState.finished	3	[-73.98038482666016, 40.754146575927734]	[-73.98038482666016, 40.754146575927734]	[-74.00540924072266, 40.72864532470703]	1.0	2.5	13.0	1	0.0357286315578	
task2	TaskState.finished	2	[-73.98038482666016, 40.754146575927734]	[-73.98038482666016, 40.754146575927734]	[-74.00540924072266, 40.72864532470703]	1.0	2.5	13.0	1	0.0357286315578	
task3	TaskState.finished	0	[-73.98974609375, 40.75674819946289]	[-73.98974609375, 40.75674819946289]	[-73.97563171386719, 40.76338577270508]	1.0	1.2	7.5	1	0.0155972144315	
task4	TaskState.finished	3	[-73.97471618652344, 40.756141662597656]	[-73.97471618652344, 40.756141662597656]	[-73.97882080078125, 40.7559928894043]	1.0	0.51	5.5	1	0.00410730954135	
#total reward:0.0792599223709

#states step:8
#current participants:
0	ParticipantState.available	NULL	[-73.99149922271363, 40.75270879591029]	[-73.99149922271363, 40.75270879591029]	[-74.0058, 40.7404]	0.0188684574821	0.0	
1	ParticipantState.working	task5	[-73.95618438720703, 40.779815673828125]	[-73.98395737461823, 40.75224697612954]	[-73.95618438720703, 40.779815673828125]	0.0	0.00913274744429	
2	ParticipantState.working	task8	[-74.0011856639896, 40.737840819814366]	[-74.0011856639896, 40.737840819814366]	[-73.99427795410156, 40.75093078613281]	0.0148007997796	0.015	
3	ParticipantState.working	task7	[-73.98088179879457, 40.73867147287696]	[-73.97063340128366, 40.74962457054193]	[-73.99822235107422, 40.72013854980469]	0.0253803859499	0.015	
4	ParticipantState.available	NULL	[-74.04454143390713, 40.71653407362349]	[-74.1772, 40.6915]	[-73.9965, 40.7256]	0.0488893689151	0.015	
#current running_schedules: 3
task5	TaskState.picked	1	[-73.95618438720703, 40.779815673828125]	[-73.95618438720703, 40.779815673828125]	[-73.97400665283203, 40.784698486328125]	1.0	1.26	7.0	0	0.0184790424513	
task7	TaskState.picking	3	[-73.99822235107422, 40.72013854980469]	[-73.99822235107422, 40.72013854980469]	[-73.97673034667969, 40.739288330078125]	1.0	2.11	9.5	0	0.0287857662294	
task8	TaskState.picking	2	[-73.99427795410156, 40.75093078613281]	[-73.99427795410156, 40.75093078613281]	[-73.96942138671875, 40.749176025390625]	1.0	1.7	13.0	0	0.0249184294713	
#current pending_schedules: 1
task9	TaskState.pending	-1	[-73.97628784179688, 40.75897979736328]	[-73.97628784179688, 40.75897979736328]	[-73.97701263427734, 40.74684143066406]	1.0	1.15	6.5	0	0.0121599864418	
#current finished_schedules: 5
task1	TaskState.finished	3	[-73.98038482666016, 40.754146575927734]	[-73.98038482666016, 40.754146575927734]	[-74.00540924072266, 40.72864532470703]	1.0	2.5	13.0	1	0.0357286315578	
task2	TaskState.finished	2	[-73.98038482666016, 40.754146575927734]	[-73.98038482666016, 40.754146575927734]	[-74.00540924072266, 40.72864532470703]	1.0	2.5	13.0	1	0.0357286315578	
task3	TaskState.finished	0	[-73.98974609375, 40.75674819946289]	[-73.98974609375, 40.75674819946289]	[-73.97563171386719, 40.76338577270508]	1.0	1.2	7.5	1	0.0155972144315	
task4	TaskState.finished	3	[-73.97471618652344, 40.756141662597656]	[-73.97471618652344, 40.756141662597656]	[-73.97882080078125, 40.7559928894043]	1.0	0.51	5.5	1	0.00410730954135	
task6	TaskState.finished	0	[-73.99114990234375, 40.7595329284668]	[-73.99114990234375, 40.7595329284668]	[-73.99590301513672, 40.74005889892578]	1.0	1.76	15.0	1	0.0200456954927	
#total reward:0.100264261405

#states step:9
#current participants:
0	ParticipantState.working	task9	[-74.00286801952696, 40.74292357956025]	[-74.00286801952696, 40.74292357956025]	[-73.97628784179688, 40.75897979736328]	0.031053308653	0.015	
1	ParticipantState.available	NULL	[-73.98395737461823, 40.75224697612954]	[-73.98395737461823, 40.75224697612954]	[-74.0103, 40.7237]	0.0388440955377	0.0	
2	ParticipantState.working	task8	[-73.99427795410156, 40.75093078613281]	[-74.0011856639896, 40.737840819814366]	[-73.99427795410156, 40.75093078613281]	0.0	0.0148007997796	
3	ParticipantState.working	task7	[-73.99113019630548, 40.727718375211985]	[-73.97063340128366, 40.74962457054193]	[-73.99822235107422, 40.72013854980469]	0.0103803859499	0.015	
4	ParticipantState.available	NULL	[-74.02980159323018, 40.719315637359436]	[-74.1772, 40.6915]	[-73.9965, 40.7256]	0.0338893689151	0.015	
#current running_schedules: 3
task7	TaskState.picking	3	[-73.99822235107422, 40.72013854980469]	[-73.99822235107422, 40.72013854980469]	[-73.97673034667969, 40.739288330078125]	1.0	2.11	9.5	0	0.0287857662294	
task8	TaskState.picked	2	[-73.99427795410156, 40.75093078613281]	[-73.99427795410156, 40.75093078613281]	[-73.96942138671875, 40.749176025390625]	1.0	1.7	13.0	0	0.0249184294713	
task9	TaskState.picking	0	[-73.97628784179688, 40.75897979736328]	[-73.97628784179688, 40.75897979736328]	[-73.97701263427734, 40.74684143066406]	1.0	1.15	6.5	0	0.0121599864418	
#current pending_schedules: 1
task10	TaskState.pending	-1	[-73.96282958984375, 40.77537155151367]	[-73.96282958984375, 40.77537155151367]	[-73.96505737304688, 40.76310348510742]	1.0	1.0	7.5	0	0.0124686996655	
#current finished_schedules: 6
task1	TaskState.finished	3	[-73.98038482666016, 40.754146575927734]	[-73.98038482666016, 40.754146575927734]	[-74.00540924072266, 40.72864532470703]	1.0	2.5	13.0	1	0.0357286315578	
task2	TaskState.finished	2	[-73.98038482666016, 40.754146575927734]	[-73.98038482666016, 40.754146575927734]	[-74.00540924072266, 40.72864532470703]	1.0	2.5	13.0	1	0.0357286315578	
task3	TaskState.finished	0	[-73.98974609375, 40.75674819946289]	[-73.98974609375, 40.75674819946289]	[-73.97563171386719, 40.76338577270508]	1.0	1.2	7.5	1	0.0155972144315	
task4	TaskState.finished	3	[-73.97471618652344, 40.756141662597656]	[-73.97471618652344, 40.756141662597656]	[-73.97882080078125, 40.7559928894043]	1.0	0.51	5.5	1	0.00410730954135	
task5	TaskState.finished	1	[-73.95618438720703, 40.779815673828125]	[-73.95618438720703, 40.779815673828125]	[-73.97400665283203, 40.784698486328125]	1.0	1.26	7.0	1	0.0184790424513	
task6	TaskState.finished	0	[-73.99114990234375, 40.7595329284668]	[-73.99114990234375, 40.7595329284668]	[-73.99590301513672, 40.74005889892578]	1.0	1.76	15.0	1	0.0200456954927	
#total reward:0.110900588979

#states step:10
#current participants:
0	ParticipantState.working	task9	[-73.99002872209795, 40.75067938006887]	[-74.00286801952696, 40.74292357956025]	[-73.97628784179688, 40.75897979736328]	0.016053308653	0.015	
1	ParticipantState.working	task10	[-73.99412981846733, 40.74122330223483]	[-73.99412981846733, 40.74122330223483]	[-73.96282958984375, 40.77537155151367]	0.0463228587276	0.015	
2	ParticipantState.available	NULL	[-74.0011856639896, 40.737840819814366]	[-74.0011856639896, 40.737840819814366]	[-73.9835, 40.7624]	0.0302644352689	0.0	
3	ParticipantState.working	task7	[-73.99822235107422, 40.72013854980469]	[-73.97063340128366, 40.74962457054193]	[-73.99822235107422, 40.72013854980469]	0.0	0.0103803859499	
4	ParticipantState.available	NULL	[-74.01506175255318, 40.72209720109538]	[-74.1772, 40.6915]	[-73.9965, 40.7256]	0.0188893689151	0.015	
#current running_schedules: 3
task7	TaskState.picked	3	[-73.99822235107422, 40.72013854980469]	[-73.99822235107422, 40.72013854980469]	[-73.97673034667969, 40.739288330078125]	1.0	2.11	9.5	0	0.0287857662294	
task9	TaskState.picking	0	[-73.97628784179688, 40.75897979736328]	[-73.97628784179688, 40.75897979736328]	[-73.97701263427734, 40.74684143066406]	1.0	1.15	6.5	0	0.0121599864418	
task10	TaskState.picking	1	[-73.96282958984375, 40.77537155151367]	[-73.96282958984375, 40.77537155151367]	[-73.96505737304688, 40.76310348510742]	1.0	1.0	7.5	0	0.0124686996655	
#current pending_schedules: 1
task11	TaskState.pending	-1	[-74.00398254394531, 40.72080993652344]	[-74.00398254394531, 40.72080993652344]	[-73.98056030273438, 40.78667068481445]	1.0	5.67	27.0	0	0.0699016419607	
#current finished_schedules: 7
task1	TaskState.finished	3	[-73.98038482666016, 40.754146575927734]	[-73.98038482666016, 40.754146575927734]	[-74.00540924072266, 40.72864532470703]	1.0	2.5	13.0	1	0.0357286315578	
task2	TaskState.finished	2	[-73.98038482666016, 40.754146575927734]	[-73.98038482666016, 40.754146575927734]	[-74.00540924072266, 40.72864532470703]	1.0	2.5	13.0	1	0.0357286315578	
task3	TaskState.finished	0	[-73.98974609375, 40.75674819946289]	[-73.98974609375, 40.75674819946289]	[-73.97563171386719, 40.76338577270508]	1.0	1.2	7.5	1	0.0155972144315	
task4	TaskState.finished	3	[-73.97471618652344, 40.756141662597656]	[-73.97471618652344, 40.756141662597656]	[-73.97882080078125, 40.7559928894043]	1.0	0.51	5.5	1	0.00410730954135	
task5	TaskState.finished	1	[-73.95618438720703, 40.779815673828125]	[-73.95618438720703, 40.779815673828125]	[-73.97400665283203, 40.784698486328125]	1.0	1.26	7.0	1	0.0184790424513	
task6	TaskState.finished	0	[-73.99114990234375, 40.7595329284668]	[-73.99114990234375, 40.7595329284668]	[-73.99590301513672, 40.74005889892578]	1.0	1.76	15.0	1	0.0200456954927	
task8	TaskState.finished	2	[-73.99427795410156, 40.75093078613281]	[-73.99427795410156, 40.75093078613281]	[-73.96942138671875, 40.749176025390625]	1.0	1.7	13.0	1	0.0249184294713	
#total reward:0.145275491443

#states step:11
#current participants:
0	ParticipantState.working	task9	[-73.97718942466894, 40.758435180577486]	[-74.00286801952696, 40.74292357956025]	[-73.97628784179688, 40.75897979736328]	0.00105330865304	0.015	
1	ParticipantState.working	task10	[-73.98399435959777, 40.75228099066884]	[-73.99412981846733, 40.74122330223483]	[-73.96282958984375, 40.77537155151367]	0.0313228587276	0.015	
2	ParticipantState.available	NULL	[-73.99242009617092, 40.75001311708381]	[-74.0011856639896, 40.737840819814366]	[-73.9835, 40.7624]	0.0152644352689	0.015	
3	ParticipantState.available	NULL	[-73.97063340128366, 40.74962457054193]	[-73.97063340128366, 40.74962457054193]	[-73.975, 40.7617]	0.012840684598	0.0	
4	ParticipantState.working	task11	[-74.0003219118762, 40.72487876483133]	[-74.0003219118762, 40.72487876483133]	[-74.00398254394531, 40.72080993652344]	0.00547317010009	0.015	
#current running_schedules: 3
task9	TaskState.picking	0	[-73.97628784179688, 40.75897979736328]	[-73.97628784179688, 40.75897979736328]	[-73.97701263427734, 40.74684143066406]	1.0	1.15	6.5	0	0.0121599864418	
task10	TaskState.picking	1	[-73.96282958984375, 40.77537155151367]	[-73.96282958984375, 40.77537155151367]	[-73.96505737304688, 40.76310348510742]	1.0	1.0	7.5	0	0.0124686996655	
task11	TaskState.picking	4	[-74.00398254394531, 40.72080993652344]	[-74.00398254394531, 40.72080993652344]	[-73.98056030273438, 40.78667068481445]	1.0	5.67	27.0	0	0.0699016419607	
#current pending_schedules: 1
task12	TaskState.pending	-1	[-74.00782012939453, 40.73172378540039]	[-74.00782012939453, 40.73172378540039]	[-73.9954605102539, 40.749298095703125]	6.0	1.43	8.5	0	0.0214852639713	
#current finished_schedules: 8
task1	TaskState.finished	3	[-73.98038482666016, 40.754146575927734]	[-73.98038482666016, 40.754146575927734]	[-74.00540924072266, 40.72864532470703]	1.0	2.5	13.0	1	0.0357286315578	
task2	TaskState.finished	2	[-73.98038482666016, 40.754146575927734]	[-73.98038482666016, 40.754146575927734]	[-74.00540924072266, 40.72864532470703]	1.0	2.5	13.0	1	0.0357286315578	
task3	TaskState.finished	0	[-73.98974609375, 40.75674819946289]	[-73.98974609375, 40.75674819946289]	[-73.97563171386719, 40.76338577270508]	1.0	1.2	7.5	1	0.0155972144315	
task4	TaskState.finished	3	[-73.97471618652344, 40.756141662597656]	[-73.97471618652344, 40.756141662597656]	[-73.97882080078125, 40.7559928894043]	1.0	0.51	5.5	1	0.00410730954135	
task5	TaskState.finished	1	[-73.95618438720703, 40.779815673828125]	[-73.95618438720703, 40.779815673828125]	[-73.97400665283203, 40.784698486328125]	1.0	1.26	7.0	1	0.0184790424513	
task6	TaskState.finished	0	[-73.99114990234375, 40.7595329284668]	[-73.99114990234375, 40.7595329284668]	[-73.99590301513672, 40.74005889892578]	1.0	1.76	15.0	1	0.0200456954927	
task7	TaskState.finished	3	[-73.99822235107422, 40.72013854980469]	[-73.99822235107422, 40.72013854980469]	[-73.97673034667969, 40.739288330078125]	1.0	2.11	9.5	1	0.0287857662294	
task8	TaskState.finished	2	[-73.99427795410156, 40.75093078613281]	[-73.99427795410156, 40.75093078613281]	[-73.96942138671875, 40.749176025390625]	1.0	1.7	13.0	1	0.0249184294713	
#total reward:0.186632790132

#states step:12
#current participants:
0	ParticipantState.working	task9	[-73.97628784179688, 40.75897979736328]	[-74.00286801952696, 40.74292357956025]	[-73.97628784179688, 40.75897979736328]	0.0	0.00105330865304	
1	ParticipantState.working	task10	[-73.97385890072822, 40.76333867910285]	[-73.99412981846733, 40.74122330223483]	[-73.96282958984375, 40.77537155151367]	0.0163228587276	0.015	
2	ParticipantState.working	task12	[-73.98365452835219, 40.76218541435325]	[-73.98365452835219, 40.76218541435325]	[-74.00782012939453, 40.73172378540039]	0.0388829925829	0.015	
3	ParticipantState.available	NULL	[-73.97063340128366, 40.74962457054193]	[-73.97063340128366, 40.74962457054193]	[-73.9973, 40.7418]	0.0277908508553	0.0	
4	ParticipantState.working	task11	[-74.00398254394531, 40.72080993652344]	[-74.0003219118762, 40.72487876483133]	[-74.00398254394531, 40.72080993652344]	0.0	0.00547317010009	
#current running_schedules: 4
task12	TaskState.picking	2	[-74.00782012939453, 40.73172378540039]	[-74.00782012939453, 40.73172378540039]	[-73.9954605102539, 40.749298095703125]	6.0	1.43	8.5	0	0.0214852639713	
task9	TaskState.picked	0	[-73.97628784179688, 40.75897979736328]	[-73.97628784179688, 40.75897979736328]	[-73.97701263427734, 40.74684143066406]	1.0	1.15	6.5	0	0.0121599864418	
task10	TaskState.picking	1	[-73.96282958984375, 40.77537155151367]	[-73.96282958984375, 40.77537155151367]	[-73.96505737304688, 40.76310348510742]	1.0	1.0	7.5	0	0.0124686996655	
task11	TaskState.picked	4	[-74.00398254394531, 40.72080993652344]	[-74.00398254394531, 40.72080993652344]	[-73.98056030273438, 40.78667068481445]	1.0	5.67	27.0	0	0.0699016419607	
#current pending_schedules: 1
task13	TaskState.pending	-1	[-73.99140930175781, 40.74980545043945]	[-73.99140930175781, 40.74980545043945]	[-73.99417114257812, 40.72819137573242]	1.0	1.85	9.0	0	0.0217898139083	
#current finished_schedules: 8
task1	TaskState.finished	3	[-73.98038482666016, 40.754146575927734]	[-73.98038482666016, 40.754146575927734]	[-74.00540924072266, 40.72864532470703]	1.0	2.5	13.0	1	0.0357286315578	
task2	TaskState.finished	2	[-73.98038482666016, 40.754146575927734]	[-73.98038482666016, 40.754146575927734]	[-74.00540924072266, 40.72864532470703]	1.0	2.5	13.0	1	0.0357286315578	
task3	TaskState.finished	0	[-73.98974609375, 40.75674819946289]	[-73.98974609375, 40.75674819946289]	[-73.97563171386719, 40.76338577270508]	1.0	1.2	7.5	1	0.0155972144315	
task4	TaskState.finished	3	[-73.97471618652344, 40.756141662597656]	[-73.97471618652344, 40.756141662597656]	[-73.97882080078125, 40.7559928894043]	1.0	0.51	5.5	1	0.00410730954135	
task5	TaskState.finished	1	[-73.95618438720703, 40.779815673828125]	[-73.95618438720703, 40.779815673828125]	[-73.97400665283203, 40.784698486328125]	1.0	1.26	7.0	1	0.0184790424513	
task6	TaskState.finished	0	[-73.99114990234375, 40.7595329284668]	[-73.99114990234375, 40.7595329284668]	[-73.99590301513672, 40.74005889892578]	1.0	1.76	15.0	1	0.0200456954927	
task7	TaskState.finished	3	[-73.99822235107422, 40.72013854980469]	[-73.99822235107422, 40.72013854980469]	[-73.97673034667969, 40.739288330078125]	1.0	2.11	9.5	1	0.0287857662294	
task8	TaskState.finished	2	[-73.99427795410156, 40.75093078613281]	[-73.99427795410156, 40.75093078613281]	[-73.96942138671875, 40.749176025390625]	1.0	1.7	13.0	1	0.0249184294713	
#total reward:0.150106311378

#states step:13
#current participants:
0	ParticipantState.available	NULL	[-74.00286801952696, 40.74292357956025]	[-74.00286801952696, 40.74292357956025]	[-74.0052, 40.748]	0.00558642796497	0.0	
1	ParticipantState.working	task10	[-73.96372344185868, 40.774396367536866]	[-73.99412981846733, 40.74122330223483]	[-73.96282958984375, 40.77537155151367]	0.0013228587276	0.015	
2	ParticipantState.working	task12	[-73.99297695935755, 40.750434147181124]	[-73.98365452835219, 40.76218541435325]	[-74.00782012939453, 40.73172378540039]	0.0238829925829	0.015	
3	ParticipantState.working	task13	[-73.98502659071235, 40.74540129005513]	[-73.98502659071235, 40.74540129005513]	[-73.99140930175781, 40.74980545043945]	0.00775471656353	0.015	
4	ParticipantState.available	NULL	[-74.0003219118762, 40.72487876483133]	[-74.0003219118762, 40.72487876483133]	[-73.9921, 40.7382]	0.0156542371682	0.0	
#current running_schedules: 3
task12	TaskState.picking	2	[-74.00782012939453, 40.73172378540039]	[-74.00782012939453, 40.73172378540039]	[-73.9954605102539, 40.749298095703125]	6.0	1.43	8.5	0	0.0214852639713	
task13	TaskState.picking	3	[-73.99140930175781, 40.74980545043945]	[-73.99140930175781, 40.74980545043945]	[-73.99417114257812, 40.72819137573242]	1.0	1.85	9.0	0	0.0217898139083	
task10	TaskState.picking	1	[-73.96282958984375, 40.77537155151367]	[-73.96282958984375, 40.77537155151367]	[-73.96505737304688, 40.76310348510742]	1.0	1.0	7.5	0	0.0124686996655	
#current pending_schedules: 1
task14	TaskState.pending	-1	[-73.96641540527344, 40.767459869384766]	[-73.96641540527344, 40.767459869384766]	[-73.96160125732422, 40.769893646240234]	1.0	0.4	5.0	0	0.00539437579885	
#current finished_schedules: 10
task1	TaskState.finished	3	[-73.98038482666016, 40.754146575927734]	[-73.98038482666016, 40.754146575927734]	[-74.00540924072266, 40.72864532470703]	1.0	2.5	13.0	1	0.0357286315578	
task2	TaskState.finished	2	[-73.98038482666016, 40.754146575927734]	[-73.98038482666016, 40.754146575927734]	[-74.00540924072266, 40.72864532470703]	1.0	2.5	13.0	1	0.0357286315578	
task3	TaskState.finished	0	[-73.98974609375, 40.75674819946289]	[-73.98974609375, 40.75674819946289]	[-73.97563171386719, 40.76338577270508]	1.0	1.2	7.5	1	0.0155972144315	
task4	TaskState.finished	3	[-73.97471618652344, 40.756141662597656]	[-73.97471618652344, 40.756141662597656]	[-73.97882080078125, 40.7559928894043]	1.0	0.51	5.5	1	0.00410730954135	
task5	TaskState.finished	1	[-73.95618438720703, 40.779815673828125]	[-73.95618438720703, 40.779815673828125]	[-73.97400665283203, 40.784698486328125]	1.0	1.26	7.0	1	0.0184790424513	
task6	TaskState.finished	0	[-73.99114990234375, 40.7595329284668]	[-73.99114990234375, 40.7595329284668]	[-73.99590301513672, 40.74005889892578]	1.0	1.76	15.0	1	0.0200456954927	
task7	TaskState.finished	3	[-73.99822235107422, 40.72013854980469]	[-73.99822235107422, 40.72013854980469]	[-73.97673034667969, 40.739288330078125]	1.0	2.11	9.5	1	0.0287857662294	
task8	TaskState.finished	2	[-73.99427795410156, 40.75093078613281]	[-73.99427795410156, 40.75093078613281]	[-73.96942138671875, 40.749176025390625]	1.0	1.7	13.0	1	0.0249184294713	
task9	TaskState.finished	0	[-73.97628784179688, 40.75897979736328]	[-73.97628784179688, 40.75897979736328]	[-73.97701263427734, 40.74684143066406]	1.0	1.15	6.5	1	0.0121599864418	
task11	TaskState.finished	4	[-74.00398254394531, 40.72080993652344]	[-74.00398254394531, 40.72080993652344]	[-73.98056030273438, 40.78667068481445]	1.0	5.67	27.0	1	0.0699016419607	
#total reward:0.351291196586

#states step:14
#current participants:
0	ParticipantState.working	task14	[-74.00286801952696, 40.74292357956025]	[-74.00286801952696, 40.74292357956025]	[-73.96641540527344, 40.767459869384766]	0.0439411265703	0.0	
1	ParticipantState.working	task10	[-73.96282958984375, 40.77537155151367]	[-73.99412981846733, 40.74122330223483]	[-73.96282958984375, 40.77537155151367]	0.0	0.00132285872761	
2	ParticipantState.working	task12	[-74.00229939036288, 40.738682880009]	[-73.98365452835219, 40.76218541435325]	[-74.00782012939453, 40.73172378540039]	0.00888299258286	0.015	
3	ParticipantState.working	task13	[-73.99140930175781, 40.74980545043945]	[-73.98502659071235, 40.74540129005513]	[-73.99140930175781, 40.74980545043945]	0.0	0.00775471656353	
4	ParticipantState.available	NULL	[-73.99244361817095, 40.73764326592983]	[-74.0003219118762, 40.72487876483133]	[-73.9921, 40.7382]	0.000654237168225	0.015	
#current running_schedules: 4
task12	TaskState.picking	2	[-74.00782012939453, 40.73172378540039]	[-74.00782012939453, 40.73172378540039]	[-73.9954605102539, 40.749298095703125]	6.0	1.43	8.5	0	0.0214852639713	
task13	TaskState.picked	3	[-73.99140930175781, 40.74980545043945]	[-73.99140930175781, 40.74980545043945]	[-73.99417114257812, 40.72819137573242]	1.0	1.85	9.0	0	0.0217898139083	
task10	TaskState.picked	1	[-73.96282958984375, 40.77537155151367]	[-73.96282958984375, 40.77537155151367]	[-73.96505737304688, 40.76310348510742]	1.0	1.0	7.5	0	0.0124686996655	
task14	TaskState.picking	0	[-73.96641540527344, 40.767459869384766]	[-73.96641540527344, 40.767459869384766]	[-73.96160125732422, 40.769893646240234]	1.0	0.4	5.0	0	0.00539437579885	
#current pending_schedules: 1
task15	TaskState.pending	-1	[-73.98454284667969, 40.73690414428711]	[-73.98454284667969, 40.73690414428711]	[-73.99884796142578, 40.73404312133789]	1.0	1.0	7.5	0	0.0145884118469	
#current finished_schedules: 10
task1	TaskState.finished	3	[-73.98038482666016, 40.754146575927734]	[-73.98038482666016, 40.754146575927734]	[-74.00540924072266, 40.72864532470703]	1.0	2.5	13.0	1	0.0357286315578	
task2	TaskState.finished	2	[-73.98038482666016, 40.754146575927734]	[-73.98038482666016, 40.754146575927734]	[-74.00540924072266, 40.72864532470703]	1.0	2.5	13.0	1	0.0357286315578	
task3	TaskState.finished	0	[-73.98974609375, 40.75674819946289]	[-73.98974609375, 40.75674819946289]	[-73.97563171386719, 40.76338577270508]	1.0	1.2	7.5	1	0.0155972144315	
task4	TaskState.finished	3	[-73.97471618652344, 40.756141662597656]	[-73.97471618652344, 40.756141662597656]	[-73.97882080078125, 40.7559928894043]	1.0	0.51	5.5	1	0.00410730954135	
task5	TaskState.finished	1	[-73.95618438720703, 40.779815673828125]	[-73.95618438720703, 40.779815673828125]	[-73.97400665283203, 40.784698486328125]	1.0	1.26	7.0	1	0.0184790424513	
task6	TaskState.finished	0	[-73.99114990234375, 40.7595329284668]	[-73.99114990234375, 40.7595329284668]	[-73.99590301513672, 40.74005889892578]	1.0	1.76	15.0	1	0.0200456954927	
task7	TaskState.finished	3	[-73.99822235107422, 40.72013854980469]	[-73.99822235107422, 40.72013854980469]	[-73.97673034667969, 40.739288330078125]	1.0	2.11	9.5	1	0.0287857662294	
task8	TaskState.finished	2	[-73.99427795410156, 40.75093078613281]	[-73.99427795410156, 40.75093078613281]	[-73.96942138671875, 40.749176025390625]	1.0	1.7	13.0	1	0.0249184294713	
task9	TaskState.finished	0	[-73.97628784179688, 40.75897979736328]	[-73.97628784179688, 40.75897979736328]	[-73.97701263427734, 40.74684143066406]	1.0	1.15	6.5	1	0.0121599864418	
task11	TaskState.finished	4	[-74.00398254394531, 40.72080993652344]	[-74.00398254394531, 40.72080993652344]	[-73.98056030273438, 40.78667068481445]	1.0	5.67	27.0	1	0.0699016419607	
#total reward:0.327213621295

#states step:15
#current participants:
0	ParticipantState.working	task14	[-73.99042434189552, 40.75129943097996]	[-74.00286801952696, 40.74292357956025]	[-73.96641540527344, 40.767459869384766]	0.0289411265703	0.015	
1	ParticipantState.available	NULL	[-73.99412981846733, 40.74122330223483]	[-73.99412981846733, 40.74122330223483]	[-73.8175, 40.7048]	0.180346194075	0.0	
2	ParticipantState.working	task12	[-74.00782012939453, 40.73172378540039]	[-73.98365452835219, 40.76218541435325]	[-74.00782012939453, 40.73172378540039]	0.0	0.00888299258286	
3	ParticipantState.available	NULL	[-73.98502659071235, 40.74540129005513]	[-73.98502659071235, 40.74540129005513]	[-73.9663, 40.6917]	0.0568727857001	0.0	
4	ParticipantState.working	task15	[-74.0003219118762, 40.72487876483133]	[-74.0003219118762, 40.72487876483133]	[-73.98454284667969, 40.73690414428711]	0.0198390687667	0.0	
#current running_schedules: 3
task12	TaskState.picked	2	[-74.00782012939453, 40.73172378540039]	[-74.00782012939453, 40.73172378540039]	[-73.9954605102539, 40.749298095703125]	6.0	1.43	8.5	0	0.0214852639713	
task14	TaskState.picking	0	[-73.96641540527344, 40.767459869384766]	[-73.96641540527344, 40.767459869384766]	[-73.96160125732422, 40.769893646240234]	1.0	0.4	5.0	0	0.00539437579885	
task15	TaskState.picking	4	[-73.98454284667969, 40.73690414428711]	[-73.98454284667969, 40.73690414428711]	[-73.99884796142578, 40.73404312133789]	1.0	1.0	7.5	0	0.0145884118469	
#current pending_schedules: 1
task16	TaskState.pending	-1	[-73.8708267211914, 40.773780822753906]	[-73.8708267211914, 40.773780822753906]	[-73.98297119140625, 40.75580978393555]	1.0	8.8	32.5	0	0.11357526331	
#current finished_schedules: 12
task1	TaskState.finished	3	[-73.98038482666016, 40.754146575927734]	[-73.98038482666016, 40.754146575927734]	[-74.00540924072266, 40.72864532470703]	1.0	2.5	13.0	1	0.0357286315578	
task2	TaskState.finished	2	[-73.98038482666016, 40.754146575927734]	[-73.98038482666016, 40.754146575927734]	[-74.00540924072266, 40.72864532470703]	1.0	2.5	13.0	1	0.0357286315578	
task3	TaskState.finished	0	[-73.98974609375, 40.75674819946289]	[-73.98974609375, 40.75674819946289]	[-73.97563171386719, 40.76338577270508]	1.0	1.2	7.5	1	0.0155972144315	
task4	TaskState.finished	3	[-73.97471618652344, 40.756141662597656]	[-73.97471618652344, 40.756141662597656]	[-73.97882080078125, 40.7559928894043]	1.0	0.51	5.5	1	0.00410730954135	
task5	TaskState.finished	1	[-73.95618438720703, 40.779815673828125]	[-73.95618438720703, 40.779815673828125]	[-73.97400665283203, 40.784698486328125]	1.0	1.26	7.0	1	0.0184790424513	
task6	TaskState.finished	0	[-73.99114990234375, 40.7595329284668]	[-73.99114990234375, 40.7595329284668]	[-73.99590301513672, 40.74005889892578]	1.0	1.76	15.0	1	0.0200456954927	
task7	TaskState.finished	3	[-73.99822235107422, 40.72013854980469]	[-73.99822235107422, 40.72013854980469]	[-73.97673034667969, 40.739288330078125]	1.0	2.11	9.5	1	0.0287857662294	
task8	TaskState.finished	2	[-73.99427795410156, 40.75093078613281]	[-73.99427795410156, 40.75093078613281]	[-73.96942138671875, 40.749176025390625]	1.0	1.7	13.0	1	0.0249184294713	
task9	TaskState.finished	0	[-73.97628784179688, 40.75897979736328]	[-73.97628784179688, 40.75897979736328]	[-73.97701263427734, 40.74684143066406]	1.0	1.15	6.5	1	0.0121599864418	
task13	TaskState.finished	3	[-73.99140930175781, 40.74980545043945]	[-73.99140930175781, 40.74980545043945]	[-73.99417114257812, 40.72819137573242]	1.0	1.85	9.0	1	0.0217898139083	
task10	TaskState.finished	1	[-73.96282958984375, 40.77537155151367]	[-73.96282958984375, 40.77537155151367]	[-73.96505737304688, 40.76310348510742]	1.0	1.0	7.5	1	0.0124686996655	
task11	TaskState.finished	4	[-74.00398254394531, 40.72080993652344]	[-74.00398254394531, 40.72080993652344]	[-73.98056030273438, 40.78667068481445]	1.0	5.67	27.0	1	0.0699016419607	
#total reward:0.406106169433

#states step:16
#current participants:
0	ParticipantState.working	task14	[-73.9779806642641, 40.75967528239968]	[-74.00286801952696, 40.74292357956025]	[-73.96641540527344, 40.767459869384766]	0.0139411265703	0.015	
1	ParticipantState.available	NULL	[-73.97943892193582, 40.73819385358844]	[-73.99412981846733, 40.74122330223483]	[-73.8175, 40.7048]	0.165346194075	0.015	
2	ParticipantState.available	NULL	[-73.98365452835219, 40.76218541435325]	[-73.98365452835219, 40.76218541435325]	[-73.9826, 40.7602]	0.00224808812097	0.0	
3	ParticipantState.working	task16	[-73.98008751735367, 40.73123776103311]	[-73.98008751735367, 40.73123776103311]	[-73.8708267211914, 40.773780822753906]	0.117251156406	0.015	
4	ParticipantState.working	task15	[-73.98839161511025, 40.733970960334936]	[-74.0003219118762, 40.72487876483133]	[-73.98454284667969, 40.73690414428711]	0.00483906876673	0.015	
#current running_schedules: 3
task16	TaskState.picking	3	[-73.8708267211914, 40.773780822753906]	[-73.8708267211914, 40.773780822753906]	[-73.98297119140625, 40.75580978393555]	1.0	8.8	32.5	0	0.11357526331	
task14	TaskState.picking	0	[-73.96641540527344, 40.767459869384766]	[-73.96641540527344, 40.767459869384766]	[-73.96160125732422, 40.769893646240234]	1.0	0.4	5.0	0	0.00539437579885	
task15	TaskState.picking	4	[-73.98454284667969, 40.73690414428711]	[-73.98454284667969, 40.73690414428711]	[-73.99884796142578, 40.73404312133789]	1.0	1.0	7.5	0	0.0145884118469	
#current pending_schedules: 1
task17	TaskState.pending	-1	[-73.98737335205078, 40.75519943237305]	[-73.98737335205078, 40.75519943237305]	[-74.0157470703125, 40.71430969238281]	5.0	4.04	18.0	0	0.0497698575894	
#current finished_schedules: 13
task1	TaskState.finished	3	[-73.98038482666016, 40.754146575927734]	[-73.98038482666016, 40.754146575927734]	[-74.00540924072266, 40.72864532470703]	1.0	2.5	13.0	1	0.0357286315578	
task2	TaskState.finished	2	[-73.98038482666016, 40.754146575927734]	[-73.98038482666016, 40.754146575927734]	[-74.00540924072266, 40.72864532470703]	1.0	2.5	13.0	1	0.0357286315578	
task3	TaskState.finished	0	[-73.98974609375, 40.75674819946289]	[-73.98974609375, 40.75674819946289]	[-73.97563171386719, 40.76338577270508]	1.0	1.2	7.5	1	0.0155972144315	
task4	TaskState.finished	3	[-73.97471618652344, 40.756141662597656]	[-73.97471618652344, 40.756141662597656]	[-73.97882080078125, 40.7559928894043]	1.0	0.51	5.5	1	0.00410730954135	
task5	TaskState.finished	1	[-73.95618438720703, 40.779815673828125]	[-73.95618438720703, 40.779815673828125]	[-73.97400665283203, 40.784698486328125]	1.0	1.26	7.0	1	0.0184790424513	
task6	TaskState.finished	0	[-73.99114990234375, 40.7595329284668]	[-73.99114990234375, 40.7595329284668]	[-73.99590301513672, 40.74005889892578]	1.0	1.76	15.0	1	0.0200456954927	
task7	TaskState.finished	3	[-73.99822235107422, 40.72013854980469]	[-73.99822235107422, 40.72013854980469]	[-73.97673034667969, 40.739288330078125]	1.0	2.11	9.5	1	0.0287857662294	
task8	TaskState.finished	2	[-73.99427795410156, 40.75093078613281]	[-73.99427795410156, 40.75093078613281]	[-73.96942138671875, 40.749176025390625]	1.0	1.7	13.0	1	0.0249184294713	
task9	TaskState.finished	0	[-73.97628784179688, 40.75897979736328]	[-73.97628784179688, 40.75897979736328]	[-73.97701263427734, 40.74684143066406]	1.0	1.15	6.5	1	0.0121599864418	
task12	TaskState.finished	2	[-74.00782012939453, 40.73172378540039]	[-74.00782012939453, 40.73172378540039]	[-73.9954605102539, 40.749298095703125]	6.0	1.43	8.5	1	0.0214852639713	
task13	TaskState.finished	3	[-73.99140930175781, 40.74980545043945]	[-73.99140930175781, 40.74980545043945]	[-73.99417114257812, 40.72819137573242]	1.0	1.85	9.0	1	0.0217898139083	
task10	TaskState.finished	1	[-73.96282958984375, 40.77537155151367]	[-73.96282958984375, 40.77537155151367]	[-73.96505737304688, 40.76310348510742]	1.0	1.0	7.5	1	0.0124686996655	
task11	TaskState.finished	4	[-74.00398254394531, 40.72080993652344]	[-74.00398254394531, 40.72080993652344]	[-73.98056030273438, 40.78667068481445]	1.0	5.67	27.0	1	0.0699016419607	
#total reward:0.425561961347

#states step:17
#current participants:
0	ParticipantState.working	task14	[-73.96641540527344, 40.767459869384766]	[-74.00286801952696, 40.74292357956025]	[-73.96641540527344, 40.767459869384766]	0.0	0.0139411265703	
1	ParticipantState.available	NULL	[-73.96474802540432, 40.735164404942054]	[-73.99412981846733, 40.74122330223483]	[-73.8175, 40.7048]	0.150346194075	0.015	
2	ParticipantState.working	task17	[-73.98365452835219, 40.76218541435325]	[-73.98365452835219, 40.76218541435325]	[-73.98737335205078, 40.75519943237305]	0.00791413886212	0.0	
3	ParticipantState.working	task16	[-73.96610972819859, 40.73668031652997]	[-73.98008751735367, 40.73123776103311]	[-73.8708267211914, 40.773780822753906]	0.102251156406	0.015	
4	ParticipantState.working	task15	[-73.98454284667969, 40.73690414428711]	[-74.0003219118762, 40.72487876483133]	[-73.98454284667969, 40.73690414428711]	0.0	0.00483906876675	
#current running_schedules: 4
task16	TaskState.picking	3	[-73.8708267211914, 40.773780822753906]	[-73.8708267211914, 40.773780822753906]	[-73.98297119140625, 40.75580978393555]	1.0	8.8	32.5	0	0.11357526331	
task17	TaskState.picking	2	[-73.98737335205078, 40.75519943237305]	[-73.98737335205078, 40.75519943237305]	[-74.0157470703125, 40.71430969238281]	5.0	4.04	18.0	0	0.0497698575894	
task14	TaskState.picked	0	[-73.96641540527344, 40.767459869384766]	[-73.96641540527344, 40.767459869384766]	[-73.96160125732422, 40.769893646240234]	1.0	0.4	5.0	0	0.00539437579885	
task15	TaskState.picked	4	[-73.98454284667969, 40.73690414428711]	[-73.98454284667969, 40.73690414428711]	[-73.99884796142578, 40.73404312133789]	1.0	1.0	7.5	0	0.0145884118469	
#current pending_schedules: 1
task18	TaskState.pending	-1	[-73.95170593261719, 40.769866943359375]	[-73.95170593261719, 40.769866943359375]	[-73.95282745361328, 40.789268493652344]	1.0	1.8	9.5	0	0.0194339384355	
#current finished_schedules: 13
task1	TaskState.finished	3	[-73.98038482666016, 40.754146575927734]	[-73.98038482666016, 40.754146575927734]	[-74.00540924072266, 40.72864532470703]	1.0	2.5	13.0	1	0.0357286315578	
task2	TaskState.finished	2	[-73.98038482666016, 40.754146575927734]	[-73.98038482666016, 40.754146575927734]	[-74.00540924072266, 40.72864532470703]	1.0	2.5	13.0	1	0.0357286315578	
task3	TaskState.finished	0	[-73.98974609375, 40.75674819946289]	[-73.98974609375, 40.75674819946289]	[-73.97563171386719, 40.76338577270508]	1.0	1.2	7.5	1	0.0155972144315	
task4	TaskState.finished	3	[-73.97471618652344, 40.756141662597656]	[-73.97471618652344, 40.756141662597656]	[-73.97882080078125, 40.7559928894043]	1.0	0.51	5.5	1	0.00410730954135	
task5	TaskState.finished	1	[-73.95618438720703, 40.779815673828125]	[-73.95618438720703, 40.779815673828125]	[-73.97400665283203, 40.784698486328125]	1.0	1.26	7.0	1	0.0184790424513	
task6	TaskState.finished	0	[-73.99114990234375, 40.7595329284668]	[-73.99114990234375, 40.7595329284668]	[-73.99590301513672, 40.74005889892578]	1.0	1.76	15.0	1	0.0200456954927	
task7	TaskState.finished	3	[-73.99822235107422, 40.72013854980469]	[-73.99822235107422, 40.72013854980469]	[-73.97673034667969, 40.739288330078125]	1.0	2.11	9.5	1	0.0287857662294	
task8	TaskState.finished	2	[-73.99427795410156, 40.75093078613281]	[-73.99427795410156, 40.75093078613281]	[-73.96942138671875, 40.749176025390625]	1.0	1.7	13.0	1	0.0249184294713	
task9	TaskState.finished	0	[-73.97628784179688, 40.75897979736328]	[-73.97628784179688, 40.75897979736328]	[-73.97701263427734, 40.74684143066406]	1.0	1.15	6.5	1	0.0121599864418	
task12	TaskState.finished	2	[-74.00782012939453, 40.73172378540039]	[-74.00782012939453, 40.73172378540039]	[-73.9954605102539, 40.749298095703125]	6.0	1.43	8.5	1	0.0214852639713	
task13	TaskState.finished	3	[-73.99140930175781, 40.74980545043945]	[-73.99140930175781, 40.74980545043945]	[-73.99417114257812, 40.72819137573242]	1.0	1.85	9.0	1	0.0217898139083	
task10	TaskState.finished	1	[-73.96282958984375, 40.77537155151367]	[-73.96282958984375, 40.77537155151367]	[-73.96505737304688, 40.76310348510742]	1.0	1.0	7.5	1	0.0124686996655	
task11	TaskState.finished	4	[-74.00398254394531, 40.72080993652344]	[-74.00398254394531, 40.72080993652344]	[-73.98056030273438, 40.78667068481445]	1.0	5.67	27.0	1	0.0699016419607	
#total reward:0.39178176601

#states step:18
#current participants:
0	ParticipantState.available	NULL	[-74.00286801952696, 40.74292357956025]	[-74.00286801952696, 40.74292357956025]	[-73.9462, 40.7822]	0.0689485434195	0.0	
1	ParticipantState.working	task18	[-73.95005712887283, 40.73213495629567]	[-73.95005712887283, 40.73213495629567]	[-73.95170593261719, 40.769866943359375]	0.0377679944075	0.015	
2	ParticipantState.working	task17	[-73.98737335205078, 40.75519943237305]	[-73.98365452835219, 40.76218541435325]	[-73.98737335205078, 40.75519943237305]	0.0	0.00791413886212	
3	ParticipantState.working	task16	[-73.95213193904353, 40.74212287202683]	[-73.98008751735367, 40.73123776103311]	[-73.8708267211914, 40.773780822753906]	0.0872511564062	0.015	
4	ParticipantState.available	NULL	[-74.0003219118762, 40.72487876483133]	[-74.0003219118762, 40.72487876483133]	[-73.9973, 40.7418]	0.0171889543318	0.0	
#current running_schedules: 3
task18	TaskState.picking	1	[-73.95170593261719, 40.769866943359375]	[-73.95170593261719, 40.769866943359375]	[-73.95282745361328, 40.789268493652344]	1.0	1.8	9.5	0	0.0194339384355	
task16	TaskState.picking	3	[-73.8708267211914, 40.773780822753906]	[-73.8708267211914, 40.773780822753906]	[-73.98297119140625, 40.75580978393555]	1.0	8.8	32.5	0	0.11357526331	
task17	TaskState.picked	2	[-73.98737335205078, 40.75519943237305]	[-73.98737335205078, 40.75519943237305]	[-74.0157470703125, 40.71430969238281]	5.0	4.04	18.0	0	0.0497698575894	
#current pending_schedules: 1
task19	TaskState.pending	-1	[-73.9712142944336, 40.76144790649414]	[-73.9712142944336, 40.76144790649414]	[-73.95662689208984, 40.76958084106445]	1.0	1.71	9.5	0	0.0167014050865	
#current finished_schedules: 15
task1	TaskState.finished	3	[-73.98038482666016, 40.754146575927734]	[-73.98038482666016, 40.754146575927734]	[-74.00540924072266, 40.72864532470703]	1.0	2.5	13.0	1	0.0357286315578	
task2	TaskState.finished	2	[-73.98038482666016, 40.754146575927734]	[-73.98038482666016, 40.754146575927734]	[-74.00540924072266, 40.72864532470703]	1.0	2.5	13.0	1	0.0357286315578	
task3	TaskState.finished	0	[-73.98974609375, 40.75674819946289]	[-73.98974609375, 40.75674819946289]	[-73.97563171386719, 40.76338577270508]	1.0	1.2	7.5	1	0.0155972144315	
task4	TaskState.finished	3	[-73.97471618652344, 40.756141662597656]	[-73.97471618652344, 40.756141662597656]	[-73.97882080078125, 40.7559928894043]	1.0	0.51	5.5	1	0.00410730954135	
task5	TaskState.finished	1	[-73.95618438720703, 40.779815673828125]	[-73.95618438720703, 40.779815673828125]	[-73.97400665283203, 40.784698486328125]	1.0	1.26	7.0	1	0.0184790424513	
task6	TaskState.finished	0	[-73.99114990234375, 40.7595329284668]	[-73.99114990234375, 40.7595329284668]	[-73.99590301513672, 40.74005889892578]	1.0	1.76	15.0	1	0.0200456954927	
task7	TaskState.finished	3	[-73.99822235107422, 40.72013854980469]	[-73.99822235107422, 40.72013854980469]	[-73.97673034667969, 40.739288330078125]	1.0	2.11	9.5	1	0.0287857662294	
task8	TaskState.finished	2	[-73.99427795410156, 40.75093078613281]	[-73.99427795410156, 40.75093078613281]	[-73.96942138671875, 40.749176025390625]	1.0	1.7	13.0	1	0.0249184294713	
task9	TaskState.finished	0	[-73.97628784179688, 40.75897979736328]	[-73.97628784179688, 40.75897979736328]	[-73.97701263427734, 40.74684143066406]	1.0	1.15	6.5	1	0.0121599864418	
task12	TaskState.finished	2	[-74.00782012939453, 40.73172378540039]	[-74.00782012939453, 40.73172378540039]	[-73.9954605102539, 40.749298095703125]	6.0	1.43	8.5	1	0.0214852639713	
task13	TaskState.finished	3	[-73.99140930175781, 40.74980545043945]	[-73.99140930175781, 40.74980545043945]	[-73.99417114257812, 40.72819137573242]	1.0	1.85	9.0	1	0.0217898139083	
task10	TaskState.finished	1	[-73.96282958984375, 40.77537155151367]	[-73.96282958984375, 40.77537155151367]	[-73.96505737304688, 40.76310348510742]	1.0	1.0	7.5	1	0.0124686996655	
task11	TaskState.finished	4	[-74.00398254394531, 40.72080993652344]	[-74.00398254394531, 40.72080993652344]	[-73.98056030273438, 40.78667068481445]	1.0	5.67	27.0	1	0.0699016419607	
task14	TaskState.finished	0	[-73.96641540527344, 40.767459869384766]	[-73.96641540527344, 40.767459869384766]	[-73.96160125732422, 40.769893646240234]	1.0	0.4	5.0	1	0.00539437579885	
task15	TaskState.finished	4	[-73.98454284667969, 40.73690414428711]	[-73.98454284667969, 40.73690414428711]	[-73.99884796142578, 40.73404312133789]	1.0	1.0	7.5	1	0.0145884118469	
#total reward:0.413815990085

#states step:19
#current participants:
0	ParticipantState.working	task19	[-73.99053969102648, 40.751468304037054]	[-73.99053969102648, 40.751468304037054]	[-73.9712142944336, 40.76144790649414]	0.0217500211189	0.015	
1	ParticipantState.working	task18	[-73.95071197053316, 40.747120655558625]	[-73.95005712887283, 40.73213495629567]	[-73.95170593261719, 40.769866943359375]	0.0227679944075	0.015	
2	ParticipantState.available	NULL	[-73.98365452835219, 40.76218541435325]	[-73.98365452835219, 40.76218541435325]	[-73.9761, 40.7881]	0.0269932704181	0.0	
3	ParticipantState.working	task16	[-73.93815414988843, 40.747565427523696]	[-73.98008751735367, 40.73123776103311]	[-73.8708267211914, 40.773780822753906]	0.0722511564062	0.015	
4	ParticipantState.available	NULL	[-73.99768483010449, 40.73964513878465]	[-74.0003219118762, 40.72487876483133]	[-73.9973, 40.7418]	0.0021889543318	0.015	
#current running_schedules: 3
task18	TaskState.picking	1	[-73.95170593261719, 40.769866943359375]	[-73.95170593261719, 40.769866943359375]	[-73.95282745361328, 40.789268493652344]	1.0	1.8	9.5	0	0.0194339384355	
task19	TaskState.picking	0	[-73.9712142944336, 40.76144790649414]	[-73.9712142944336, 40.76144790649414]	[-73.95662689208984, 40.76958084106445]	1.0	1.71	9.5	0	0.0167014050865	
task16	TaskState.picking	3	[-73.8708267211914, 40.773780822753906]	[-73.8708267211914, 40.773780822753906]	[-73.98297119140625, 40.75580978393555]	1.0	8.8	32.5	0	0.11357526331	
#current pending_schedules: 1
task20	TaskState.pending	-1	[-73.97212982177734, 40.76552200317383]	[-73.97212982177734, 40.76552200317383]	[-73.99166870117188, 40.73040771484375]	2.0	2.91	15.0	0	0.0401843384034	
#current finished_schedules: 16
task1	TaskState.finished	3	[-73.98038482666016, 40.754146575927734]	[-73.98038482666016, 40.754146575927734]	[-74.00540924072266, 40.72864532470703]	1.0	2.5	13.0	1	0.0357286315578	
task2	TaskState.finished	2	[-73.98038482666016, 40.754146575927734]	[-73.98038482666016, 40.754146575927734]	[-74.00540924072266, 40.72864532470703]	1.0	2.5	13.0	1	0.0357286315578	
task3	TaskState.finished	0	[-73.98974609375, 40.75674819946289]	[-73.98974609375, 40.75674819946289]	[-73.97563171386719, 40.76338577270508]	1.0	1.2	7.5	1	0.0155972144315	
task4	TaskState.finished	3	[-73.97471618652344, 40.756141662597656]	[-73.97471618652344, 40.756141662597656]	[-73.97882080078125, 40.7559928894043]	1.0	0.51	5.5	1	0.00410730954135	
task5	TaskState.finished	1	[-73.95618438720703, 40.779815673828125]	[-73.95618438720703, 40.779815673828125]	[-73.97400665283203, 40.784698486328125]	1.0	1.26	7.0	1	0.0184790424513	
task6	TaskState.finished	0	[-73.99114990234375, 40.7595329284668]	[-73.99114990234375, 40.7595329284668]	[-73.99590301513672, 40.74005889892578]	1.0	1.76	15.0	1	0.0200456954927	
task7	TaskState.finished	3	[-73.99822235107422, 40.72013854980469]	[-73.99822235107422, 40.72013854980469]	[-73.97673034667969, 40.739288330078125]	1.0	2.11	9.5	1	0.0287857662294	
task8	TaskState.finished	2	[-73.99427795410156, 40.75093078613281]	[-73.99427795410156, 40.75093078613281]	[-73.96942138671875, 40.749176025390625]	1.0	1.7	13.0	1	0.0249184294713	
task9	TaskState.finished	0	[-73.97628784179688, 40.75897979736328]	[-73.97628784179688, 40.75897979736328]	[-73.97701263427734, 40.74684143066406]	1.0	1.15	6.5	1	0.0121599864418	
task12	TaskState.finished	2	[-74.00782012939453, 40.73172378540039]	[-74.00782012939453, 40.73172378540039]	[-73.9954605102539, 40.749298095703125]	6.0	1.43	8.5	1	0.0214852639713	
task13	TaskState.finished	3	[-73.99140930175781, 40.74980545043945]	[-73.99140930175781, 40.74980545043945]	[-73.99417114257812, 40.72819137573242]	1.0	1.85	9.0	1	0.0217898139083	
task10	TaskState.finished	1	[-73.96282958984375, 40.77537155151367]	[-73.96282958984375, 40.77537155151367]	[-73.96505737304688, 40.76310348510742]	1.0	1.0	7.5	1	0.0124686996655	
task11	TaskState.finished	4	[-74.00398254394531, 40.72080993652344]	[-74.00398254394531, 40.72080993652344]	[-73.98056030273438, 40.78667068481445]	1.0	5.67	27.0	1	0.0699016419607	
task17	TaskState.finished	2	[-73.98737335205078, 40.75519943237305]	[-73.98737335205078, 40.75519943237305]	[-74.0157470703125, 40.71430969238281]	5.0	4.04	18.0	1	0.0497698575894	
task14	TaskState.finished	0	[-73.96641540527344, 40.767459869384766]	[-73.96641540527344, 40.767459869384766]	[-73.96160125732422, 40.769893646240234]	1.0	0.4	5.0	1	0.00539437579885	
task15	TaskState.finished	4	[-73.98454284667969, 40.73690414428711]	[-73.98454284667969, 40.73690414428711]	[-73.99884796142578, 40.73404312133789]	1.0	1.0	7.5	1	0.0145884118469	
#total reward:0.518125562853

