#states step:0
#current participants:
0	ParticipantState.available	NULL	[-73.98785902383963, 40.74721271152831]	[-73.9794, 40.7596]	[-74.0145, 40.7082]	0.047241224281	0.015	
1	ParticipantState.available	NULL	[-73.96741192407248, 40.766801957257584]	[-73.9532, 40.7716]	[-73.9766, 40.7637]	0.00969757073075	0.015	
2	ParticipantState.available	NULL	[-73.87686808738827, 40.77235909678144]	[-73.8624, 40.7684]	[-73.9914, 40.8037]	0.118742625965	0.015	
3	ParticipantState.available	NULL	[-73.96971762808201, 40.76732255388739]	[-73.9617, 40.78]	[-74.0085, 40.706]	0.0725570671048	0.015	
4	ParticipantState.available	NULL	[-73.9999443716914, 40.730408382695934]	[-74.0065, 40.7439]	[-73.9772, 40.6836]	0.0520416288585	0.015	
#current running_schedules: 0
#current pending_schedules: 1
task1	TaskState.pending	-1	[-73.9546890258789, 40.78377914428711]	[-73.9546890258789, 40.78377914428711]	[-73.96189880371094, 40.77627944946289]	1.0	0.71	5.5	0	0.0104031879173	
#current finished_schedules: 0
#total reward:0.0

#states step:1
#current participants:
0	ParticipantState.working	task1	[-73.99631804767925, 40.73482542305662]	[-73.99631804767925, 40.73482542305662]	[-73.9546890258789, 40.78377914428711]	0.0642607366777	0.015	
1	ParticipantState.available	NULL	[-73.9532, 40.7716]	[-73.9532, 40.7716]	[-73.9932, 40.7464]	0.0472762096619	0.0	
2	ParticipantState.available	NULL	[-73.89133617477655, 40.77631819356289]	[-73.8624, 40.7684]	[-73.9914, 40.8037]	0.103742625965	0.015	
3	ParticipantState.available	NULL	[-73.97773525616405, 40.75464510777478]	[-73.9617, 40.78]	[-74.0085, 40.706]	0.0575570671048	0.015	
4	ParticipantState.available	NULL	[-73.99338874338278, 40.71691676539187]	[-74.0065, 40.7439]	[-73.9772, 40.6836]	0.0370416288585	0.015	
#current running_schedules: 1
task1	TaskState.picking	0	[-73.9546890258789, 40.78377914428711]	[-73.9546890258789, 40.78377914428711]	[-73.96189880371094, 40.77627944946289]	1.0	0.71	5.5	0	0.0104031879173	
#current pending_schedules: 1
task2	TaskState.pending	-1	[-73.9546890258789, 40.78377914428711]	[-73.9546890258789, 40.78377914428711]	[-73.96189880371094, 40.77627944946289]	1.0	0.71	5.5	0	0.0104031879173	
#current finished_schedules: 0
#total reward:-0.015

#states step:2
#current participants:
0	ParticipantState.working	task1	[-73.98660083372734, 40.74625239785368]	[-73.99631804767925, 40.73482542305662]	[-73.9546890258789, 40.78377914428711]	0.0492607366777	0.015	
1	ParticipantState.working	task2	[-73.96589137277056, 40.763604435154534]	[-73.96589137277056, 40.763604435154534]	[-73.9546890258789, 40.78377914428711]	0.0230762099242	0.015	
2	ParticipantState.available	NULL	[-73.90580426216484, 40.78027729034433]	[-73.8624, 40.7684]	[-73.9914, 40.8037]	0.088742625965	0.015	
3	ParticipantState.available	NULL	[-73.9857528842461, 40.741967661662166]	[-73.9617, 40.78]	[-74.0085, 40.706]	0.0425570671048	0.015	
4	ParticipantState.available	NULL	[-73.98683311507418, 40.70342514808781]	[-74.0065, 40.7439]	[-73.9772, 40.6836]	0.0220416288585	0.015	
#current running_schedules: 2
task1	TaskState.picking	0	[-73.9546890258789, 40.78377914428711]	[-73.9546890258789, 40.78377914428711]	[-73.96189880371094, 40.77627944946289]	1.0	0.71	5.5	0	0.0104031879173	
task2	TaskState.picking	1	[-73.9546890258789, 40.78377914428711]	[-73.9546890258789, 40.78377914428711]	[-73.96189880371094, 40.77627944946289]	1.0	0.71	5.5	0	0.0104031879173	
#current pending_schedules: 1
task3	TaskState.pending	-1	[-73.96552276611328, 40.79529571533203]	[-73.96552276611328, 40.79529571533203]	[-73.96797943115234, 40.80131912231445]	1.0	0.8	4.5	0	0.00650512373365	
#current finished_schedules: 0
#total reward:-0.045

#states step:3
#current participants:
0	ParticipantState.working	task1	[-73.97688361977542, 40.75767937265075]	[-73.99631804767925, 40.73482542305662]	[-73.9546890258789, 40.78377914428711]	0.0342607366777	0.015	
1	ParticipantState.working	task2	[-73.95860962226098, 40.776718401355346]	[-73.96589137277056, 40.763604435154534]	[-73.9546890258789, 40.78377914428711]	0.00807620992418	0.015	
2	ParticipantState.working	task3	[-73.92027234955312, 40.78423638712577]	[-73.92027234955312, 40.78423638712577]	[-73.96552276611328, 40.79529571533203]	0.0465822813873	0.015	
3	ParticipantState.available	NULL	[-73.99377051232813, 40.729290215549554]	[-73.9617, 40.78]	[-74.0085, 40.706]	0.0275570671048	0.015	
4	ParticipantState.available	NULL	[-73.98027748676557, 40.68993353078375]	[-74.0065, 40.7439]	[-73.9772, 40.6836]	0.0070416288585	0.015	
#current running_schedules: 3
task1	TaskState.picking	0	[-73.9546890258789, 40.78377914428711]	[-73.9546890258789, 40.78377914428711]	[-73.96189880371094, 40.77627944946289]	1.0	0.71	5.5	0	0.0104031879173	
task2	TaskState.picking	1	[-73.9546890258789, 40.78377914428711]	[-73.9546890258789, 40.78377914428711]	[-73.96189880371094, 40.77627944946289]	1.0	0.71	5.5	0	0.0104031879173	
task3	TaskState.picking	2	[-73.96552276611328, 40.79529571533203]	[-73.96552276611328, 40.79529571533203]	[-73.96797943115234, 40.80131912231445]	1.0	0.8	4.5	0	0.00650512373365	
#current pending_schedules: 1
task4	TaskState.pending	-1	[-73.9869613647461, 40.75517654418945]	[-73.9869613647461, 40.75517654418945]	[-73.98139953613281, 40.74864196777344]	1.0	0.8	5.5	0	0.0085810620823	
#current finished_schedules: 0
#total reward:-0.09

#states step:4
#current participants:
0	ParticipantState.working	task1	[-73.9671664058235, 40.76910634744782]	[-73.99631804767925, 40.73482542305662]	[-73.9546890258789, 40.78377914428711]	0.0192607366777	0.015	
1	ParticipantState.working	task2	[-73.9546890258789, 40.78377914428711]	[-73.96589137277056, 40.763604435154534]	[-73.9546890258789, 40.78377914428711]	0.0	0.00807620992419	
2	ParticipantState.working	task3	[-73.93484347462878, 40.7877976107961]	[-73.92027234955312, 40.78423638712577]	[-73.96552276611328, 40.79529571533203]	0.0315822813873	0.015	
3	ParticipantState.working	task4	[-74.00178814041014, 40.71661276943694]	[-74.00178814041014, 40.71661276943694]	[-73.9869613647461, 40.75517654418945]	0.0413158323135	0.015	
4	ParticipantState.available	NULL	[-74.0065, 40.7439]	[-74.0065, 40.7439]	[-73.955, 40.7675]	0.0566498896733	0.0	
#current running_schedules: 4
task1	TaskState.picking	0	[-73.9546890258789, 40.78377914428711]	[-73.9546890258789, 40.78377914428711]	[-73.96189880371094, 40.77627944946289]	1.0	0.71	5.5	0	0.0104031879173	
task2	TaskState.picked	1	[-73.9546890258789, 40.78377914428711]	[-73.9546890258789, 40.78377914428711]	[-73.96189880371094, 40.77627944946289]	1.0	0.71	5.5	0	0.0104031879173	
task3	TaskState.picking	2	[-73.96552276611328, 40.79529571533203]	[-73.96552276611328, 40.79529571533203]	[-73.96797943115234, 40.80131912231445]	1.0	0.8	4.5	0	0.00650512373365	
task4	TaskState.picking	3	[-73.9869613647461, 40.75517654418945]	[-73.9869613647461, 40.75517654418945]	[-73.98139953613281, 40.74864196777344]	1.0	0.8	5.5	0	0.0085810620823	
#current pending_schedules: 1
task5	TaskState.pending	-1	[-73.99939727783203, 40.744056701660156]	[-73.99939727783203, 40.744056701660156]	[-73.99156188964844, 40.745521545410156]	1.0	0.6	5.5	0	0.00797114014427	
#current finished_schedules: 0
#total reward:-0.143076209924

#states step:5
#current participants:
0	ParticipantState.working	task1	[-73.95744919187159, 40.780533322244885]	[-73.99631804767925, 40.73482542305662]	[-73.9546890258789, 40.78377914428711]	0.00426073667773	0.015	
1	ParticipantState.available	NULL	[-73.96589137277056, 40.763604435154534]	[-73.96589137277056, 40.763604435154534]	[-73.9809, 40.7617]	0.0151289710348	0.0	
2	ParticipantState.working	task3	[-73.94941459970443, 40.79135883446642]	[-73.92027234955312, 40.78423638712577]	[-73.96552276611328, 40.79529571533203]	0.0165822813872	0.015	
3	ParticipantState.working	task4	[-73.99640517648305, 40.73061361581706]	[-74.00178814041014, 40.71661276943694]	[-73.9869613647461, 40.75517654418945]	0.0263158323135	0.015	
4	ParticipantState.working	task5	[-73.99286360980658, 40.750148908904166]	[-73.99286360980658, 40.750148908904166]	[-73.99939727783203, 40.744056701660156]	0.00893329765377	0.015	
#current running_schedules: 4
task1	TaskState.picking	0	[-73.9546890258789, 40.78377914428711]	[-73.9546890258789, 40.78377914428711]	[-73.96189880371094, 40.77627944946289]	1.0	0.71	5.5	0	0.0104031879173	
task3	TaskState.picking	2	[-73.96552276611328, 40.79529571533203]	[-73.96552276611328, 40.79529571533203]	[-73.96797943115234, 40.80131912231445]	1.0	0.8	4.5	0	0.00650512373365	
task4	TaskState.picking	3	[-73.9869613647461, 40.75517654418945]	[-73.9869613647461, 40.75517654418945]	[-73.98139953613281, 40.74864196777344]	1.0	0.8	5.5	0	0.0085810620823	
task5	TaskState.picking	4	[-73.99939727783203, 40.744056701660156]	[-73.99939727783203, 40.744056701660156]	[-73.99156188964844, 40.745521545410156]	1.0	0.6	5.5	0	0.00797114014427	
#current pending_schedules: 1
task6	TaskState.pending	-1	[-73.99170684814453, 40.73154830932617]	[-73.99170684814453, 40.73154830932617]	[-73.9963607788086, 40.73789978027344]	1.0	0.75	5.5	0	0.00787402399157	
#current finished_schedules: 1
task2	TaskState.finished	1	[-73.9546890258789, 40.78377914428711]	[-73.9546890258789, 40.78377914428711]	[-73.96189880371094, 40.77627944946289]	1.0	0.71	5.5	1	0.0104031879173	
#total reward:-0.171866646172

#states step:6
#current participants:
0	ParticipantState.working	task1	[-73.9546890258789, 40.78377914428711]	[-73.99631804767925, 40.73482542305662]	[-73.9546890258789, 40.78377914428711]	0.0	0.00426073667773	
1	ParticipantState.working	task6	[-73.9807720548688, 40.761716234876246]	[-73.9807720548688, 40.761716234876246]	[-73.99170684814453, 40.73154830932617]	0.0320885249891	0.015	
2	ParticipantState.working	task3	[-73.96398572478007, 40.794920058136746]	[-73.92027234955312, 40.78423638712577]	[-73.96552276611328, 40.79529571533203]	0.00158228138723	0.015	
3	ParticipantState.working	task4	[-73.99102221255598, 40.744614462197184]	[-74.00178814041014, 40.71661276943694]	[-73.9869613647461, 40.75517654418945]	0.0113158323135	0.015	
4	ParticipantState.working	task5	[-73.99939727783203, 40.744056701660156]	[-73.99286360980658, 40.750148908904166]	[-73.99939727783203, 40.744056701660156]	0.0	0.00893329765377	
#current running_schedules: 5
task1	TaskState.picked	0	[-73.9546890258789, 40.78377914428711]	[-73.9546890258789, 40.78377914428711]	[-73.96189880371094, 40.77627944946289]	1.0	0.71	5.5	0	0.0104031879173	
task3	TaskState.picking	2	[-73.96552276611328, 40.79529571533203]	[-73.96552276611328, 40.79529571533203]	[-73.96797943115234, 40.80131912231445]	1.0	0.8	4.5	0	0.00650512373365	
task4	TaskState.picking	3	[-73.9869613647461, 40.75517654418945]	[-73.9869613647461, 40.75517654418945]	[-73.98139953613281, 40.74864196777344]	1.0	0.8	5.5	0	0.0085810620823	
task5	TaskState.picked	4	[-73.99939727783203, 40.744056701660156]	[-73.99939727783203, 40.744056701660156]	[-73.99156188964844, 40.745521545410156]	1.0	0.6	5.5	0	0.00797114014427	
task6	TaskState.picking	1	[-73.99170684814453, 40.73154830932617]	[-73.99170684814453, 40.73154830932617]	[-73.9963607788086, 40.73789978027344]	1.0	0.75	5.5	0	0.00787402399157	
#current pending_schedules: 1
task7	TaskState.pending	-1	[-73.96614837646484, 40.770206451416016]	[-73.96614837646484, 40.770206451416016]	[-73.96348571777344, 40.771549224853516]	1.0	0.2	3.0	0	0.00298207843817	
#current finished_schedules: 1
task2	TaskState.finished	1	[-73.9546890258789, 40.78377914428711]	[-73.9546890258789, 40.78377914428711]	[-73.96189880371094, 40.77627944946289]	1.0	0.71	5.5	1	0.0104031879173	
#total reward:-0.230060680504

#states step:7
#current participants:
0	ParticipantState.available	NULL	[-73.99631804767925, 40.73482542305662]	[-73.99631804767925, 40.73482542305662]	[-73.972, 40.7657]	0.0393014878136	0.0	
1	ParticipantState.working	task6	[-73.98588359861198, 40.74761403219151]	[-73.9807720548688, 40.761716234876246]	[-73.99170684814453, 40.73154830932617]	0.0170885249891	0.015	
2	ParticipantState.working	task3	[-73.96552276611328, 40.79529571533203]	[-73.92027234955312, 40.78423638712577]	[-73.96552276611328, 40.79529571533203]	0.0	0.00158228138723	
3	ParticipantState.working	task4	[-73.9869613647461, 40.75517654418945]	[-74.00178814041014, 40.71661276943694]	[-73.9869613647461, 40.75517654418945]	0.0	0.0113158323135	
4	ParticipantState.available	NULL	[-73.99286360980658, 40.750148908904166]	[-73.99286360980658, 40.750148908904166]	[-73.9523, 40.7662]	0.0436238921453	0.0	
#current running_schedules: 3
task3	TaskState.picked	2	[-73.96552276611328, 40.79529571533203]	[-73.96552276611328, 40.79529571533203]	[-73.96797943115234, 40.80131912231445]	1.0	0.8	4.5	0	0.00650512373365	
task4	TaskState.picked	3	[-73.9869613647461, 40.75517654418945]	[-73.9869613647461, 40.75517654418945]	[-73.98139953613281, 40.74864196777344]	1.0	0.8	5.5	0	0.0085810620823	
task6	TaskState.picking	1	[-73.99170684814453, 40.73154830932617]	[-73.99170684814453, 40.73154830932617]	[-73.9963607788086, 40.73789978027344]	1.0	0.75	5.5	0	0.00787402399157	
#current pending_schedules: 2
task8	TaskState.pending	-1	[-73.97846221923828, 40.75223159790039]	[-73.97846221923828, 40.75223159790039]	[-73.97942352294922, 40.76137161254883]	1.0	0.91	7.5	0	0.00919042831419	
task7	TaskState.pending	-1	[-73.96614837646484, 40.770206451416016]	[-73.96614837646484, 40.770206451416016]	[-73.96348571777344, 40.771549224853516]	1.0	0.2	3.0	0	0.00298207843817	
#current finished_schedules: 3
task1	TaskState.finished	0	[-73.9546890258789, 40.78377914428711]	[-73.9546890258789, 40.78377914428711]	[-73.96189880371094, 40.77627944946289]	1.0	0.71	5.5	1	0.0104031879173	
task2	TaskState.finished	1	[-73.9546890258789, 40.78377914428711]	[-73.9546890258789, 40.78377914428711]	[-73.96189880371094, 40.77627944946289]	1.0	0.71	5.5	1	0.0104031879173	
task5	TaskState.finished	4	[-73.99939727783203, 40.744056701660156]	[-73.99939727783203, 40.744056701660156]	[-73.99156188964844, 40.745521545410156]	1.0	0.6	5.5	1	0.00797114014427	
#total reward:-0.202835810019

#states step:8
#current participants:
0	ParticipantState.working	task8	[-73.98703670146358, 40.746609166622434]	[-73.98703670146358, 40.746609166622434]	[-73.97846221923828, 40.75223159790039]	0.0102534618011	0.015	
1	ParticipantState.working	task6	[-73.99099514235515, 40.73351182950676]	[-73.9807720548688, 40.761716234876246]	[-73.99170684814453, 40.73154830932617]	0.00208852498913	0.015	
2	ParticipantState.available	NULL	[-73.92027234955312, 40.78423638712577]	[-73.92027234955312, 40.78423638712577]	[-74.0155, 40.7091]	0.121300379554	0.0	
3	ParticipantState.available	NULL	[-74.00178814041014, 40.71661276943694]	[-74.00178814041014, 40.71661276943694]	[-73.9523, 40.7662]	0.0700569017026	0.0	
4	ParticipantState.available	NULL	[-73.97891588260535, 40.75566804886617]	[-73.99286360980658, 40.750148908904166]	[-73.9523, 40.7662]	0.0286238921453	0.015	
#current running_schedules: 2
task6	TaskState.picking	1	[-73.99170684814453, 40.73154830932617]	[-73.99170684814453, 40.73154830932617]	[-73.9963607788086, 40.73789978027344]	1.0	0.75	5.5	0	0.00787402399157	
task8	TaskState.picking	0	[-73.97846221923828, 40.75223159790039]	[-73.97846221923828, 40.75223159790039]	[-73.97942352294922, 40.76137161254883]	1.0	0.91	7.5	0	0.00919042831419	
#current pending_schedules: 2
task9	TaskState.pending	-1	[-73.95343017578125, 40.79113006591797]	[-73.95343017578125, 40.79113006591797]	[-73.95108795166016, 40.790958404541016]	1.0	2.0	10.5	0	0.00234850621923	
task7	TaskState.pending	-1	[-73.96614837646484, 40.770206451416016]	[-73.96614837646484, 40.770206451416016]	[-73.96348571777344, 40.771549224853516]	1.0	0.2	3.0	0	0.00298207843817	
#current finished_schedules: 5
task1	TaskState.finished	0	[-73.9546890258789, 40.78377914428711]	[-73.9546890258789, 40.78377914428711]	[-73.96189880371094, 40.77627944946289]	1.0	0.71	5.5	1	0.0104031879173	
task2	TaskState.finished	1	[-73.9546890258789, 40.78377914428711]	[-73.9546890258789, 40.78377914428711]	[-73.96189880371094, 40.77627944946289]	1.0	0.71	5.5	1	0.0104031879173	
task3	TaskState.finished	2	[-73.96552276611328, 40.79529571533203]	[-73.96552276611328, 40.79529571533203]	[-73.96797943115234, 40.80131912231445]	1.0	0.8	4.5	1	0.00650512373365	
task4	TaskState.finished	3	[-73.9869613647461, 40.75517654418945]	[-73.9869613647461, 40.75517654418945]	[-73.98139953613281, 40.74864196777344]	1.0	0.8	5.5	1	0.0085810620823	
task5	TaskState.finished	4	[-73.99939727783203, 40.744056701660156]	[-73.99939727783203, 40.744056701660156]	[-73.99156188964844, 40.745521545410156]	1.0	0.6	5.5	1	0.00797114014427	
#total reward:-0.187577252572

#states step:9
#current participants:
0	ParticipantState.working	task8	[-73.97846221923828, 40.75223159790039]	[-73.98703670146358, 40.746609166622434]	[-73.97846221923828, 40.75223159790039]	0.0	0.0102534618011	
1	ParticipantState.working	task6	[-73.99170684814453, 40.73154830932617]	[-73.9807720548688, 40.761716234876246]	[-73.99170684814453, 40.73154830932617]	0.0	0.00208852498913	
2	ParticipantState.working	task9	[-73.93204819693261, 40.77494502455106]	[-73.93204819693261, 40.77494502455106]	[-73.95343017578125, 40.79113006591797]	0.026816871248	0.015	
3	ParticipantState.available	NULL	[-73.99119215217613, 40.727229974028766]	[-74.00178814041014, 40.71661276943694]	[-73.9523, 40.7662]	0.0550569017026	0.015	
4	ParticipantState.available	NULL	[-73.96496815540414, 40.761187188828174]	[-73.99286360980658, 40.750148908904166]	[-73.9523, 40.7662]	0.0136238921453	0.015	
#current running_schedules: 3
task6	TaskState.picked	1	[-73.99170684814453, 40.73154830932617]	[-73.99170684814453, 40.73154830932617]	[-73.9963607788086, 40.73789978027344]	1.0	0.75	5.5	0	0.00787402399157	
task8	TaskState.picked	0	[-73.97846221923828, 40.75223159790039]	[-73.97846221923828, 40.75223159790039]	[-73.97942352294922, 40.76137161254883]	1.0	0.91	7.5	0	0.00919042831419	
task9	TaskState.picking	2	[-73.95343017578125, 40.79113006591797]	[-73.95343017578125, 40.79113006591797]	[-73.95108795166016, 40.790958404541016]	1.0	2.0	10.5	0	0.00234850621923	
#current pending_schedules: 2
task10	TaskState.pending	-1	[-73.92613983154297, 40.76236343383789]	[-73.92613983154297, 40.76236343383789]	[-73.93574523925781, 40.75581359863281]	6.0	0.85	5.0	0	0.0116260138733	
task7	TaskState.pending	-1	[-73.96614837646484, 40.770206451416016]	[-73.96614837646484, 40.770206451416016]	[-73.96348571777344, 40.771549224853516]	1.0	0.2	3.0	0	0.00298207843817	
#current finished_schedules: 5
task1	TaskState.finished	0	[-73.9546890258789, 40.78377914428711]	[-73.9546890258789, 40.78377914428711]	[-73.96189880371094, 40.77627944946289]	1.0	0.71	5.5	1	0.0104031879173	
task2	TaskState.finished	1	[-73.9546890258789, 40.78377914428711]	[-73.9546890258789, 40.78377914428711]	[-73.96189880371094, 40.77627944946289]	1.0	0.71	5.5	1	0.0104031879173	
task3	TaskState.finished	2	[-73.96552276611328, 40.79529571533203]	[-73.96552276611328, 40.79529571533203]	[-73.96797943115234, 40.80131912231445]	1.0	0.8	4.5	1	0.00650512373365	
task4	TaskState.finished	3	[-73.9869613647461, 40.75517654418945]	[-73.9869613647461, 40.75517654418945]	[-73.98139953613281, 40.74864196777344]	1.0	0.8	5.5	1	0.0085810620823	
task5	TaskState.finished	4	[-73.99939727783203, 40.744056701660156]	[-73.99939727783203, 40.744056701660156]	[-73.99156188964844, 40.745521545410156]	1.0	0.6	5.5	1	0.00797114014427	
#total reward:-0.214919239362

#states step:10
#current participants:
0	ParticipantState.available	NULL	[-73.98703670146358, 40.746609166622434]	[-73.98703670146358, 40.746609166622434]	[-74.1601, 40.8396]	0.19646424711	0.0	
1	ParticipantState.available	NULL	[-73.9807720548688, 40.761716234876246]	[-73.9807720548688, 40.761716234876246]	[-73.7826, 40.6484]	0.228282133373	0.0	
2	ParticipantState.working	task9	[-73.9440081933007, 40.783998117220165]	[-73.93204819693261, 40.77494502455106]	[-73.95343017578125, 40.79113006591797]	0.011816871248	0.015	
3	ParticipantState.working	task10	[-73.98059616394211, 40.73784717862059]	[-73.98059616394211, 40.73784717862059]	[-73.92613983154297, 40.76236343383789]	0.0597205065974	0.015	
4	ParticipantState.available	NULL	[-73.99286360980658, 40.750148908904166]	[-73.99286360980658, 40.750148908904166]	[-73.9809, 40.7715]	0.0244744162461	0.0	
#current running_schedules: 2
task9	TaskState.picking	2	[-73.95343017578125, 40.79113006591797]	[-73.95343017578125, 40.79113006591797]	[-73.95108795166016, 40.790958404541016]	1.0	2.0	10.5	0	0.00234850621923	
task10	TaskState.picking	3	[-73.92613983154297, 40.76236343383789]	[-73.92613983154297, 40.76236343383789]	[-73.93574523925781, 40.75581359863281]	6.0	0.85	5.0	0	0.0116260138733	
#current pending_schedules: 2
task7	TaskState.pending	-1	[-73.96614837646484, 40.770206451416016]	[-73.96614837646484, 40.770206451416016]	[-73.96348571777344, 40.771549224853516]	1.0	0.2	3.0	0	0.00298207843817	
task11	TaskState.pending	-1	[-73.97575378417969, 40.75460433959961]	[-73.97575378417969, 40.75460433959961]	[-73.98540496826172, 40.758140563964844]	1.0	0.7	8.0	0	0.0102786301104	
#current finished_schedules: 7
task1	TaskState.finished	0	[-73.9546890258789, 40.78377914428711]	[-73.9546890258789, 40.78377914428711]	[-73.96189880371094, 40.77627944946289]	1.0	0.71	5.5	1	0.0104031879173	
task2	TaskState.finished	1	[-73.9546890258789, 40.78377914428711]	[-73.9546890258789, 40.78377914428711]	[-73.96189880371094, 40.77627944946289]	1.0	0.71	5.5	1	0.0104031879173	
task3	TaskState.finished	2	[-73.96552276611328, 40.79529571533203]	[-73.96552276611328, 40.79529571533203]	[-73.96797943115234, 40.80131912231445]	1.0	0.8	4.5	1	0.00650512373365	
task4	TaskState.finished	3	[-73.9869613647461, 40.75517654418945]	[-73.9869613647461, 40.75517654418945]	[-73.98139953613281, 40.74864196777344]	1.0	0.8	5.5	1	0.0085810620823	
task5	TaskState.finished	4	[-73.99939727783203, 40.744056701660156]	[-73.99939727783203, 40.744056701660156]	[-73.99156188964844, 40.745521545410156]	1.0	0.6	5.5	1	0.00797114014427	
task6	TaskState.finished	1	[-73.99170684814453, 40.73154830932617]	[-73.99170684814453, 40.73154830932617]	[-73.9963607788086, 40.73789978027344]	1.0	0.75	5.5	1	0.00787402399157	
task8	TaskState.finished	0	[-73.97846221923828, 40.75223159790039]	[-73.97846221923828, 40.75223159790039]	[-73.97942352294922, 40.76137161254883]	1.0	0.91	7.5	1	0.00919042831419	
#total reward:-0.193725882445

#states step:11
#current participants:
0	ParticipantState.working	task7	[-74.00025004443172, 40.75370899532501]	[-74.00025004443172, 40.75370899532501]	[-73.96614837646484, 40.770206451416016]	0.0378825793155	0.015	
1	ParticipantState.available	NULL	[-73.96775053286395, 40.754270433060626]	[-73.9807720548688, 40.761716234876246]	[-73.7826, 40.6484]	0.213282133373	0.015	
2	ParticipantState.working	task9	[-73.95343017578125, 40.79113006591797]	[-73.93204819693261, 40.77494502455106]	[-73.95343017578125, 40.79113006591797]	0.0	0.011816871248	
3	ParticipantState.working	task10	[-73.96691836660703, 40.74400492659046]	[-73.98059616394211, 40.73784717862059]	[-73.92613983154297, 40.76236343383789]	0.0447205065974	0.015	
4	ParticipantState.available	NULL	[-73.98553129408171, 40.76323467010138]	[-73.99286360980658, 40.750148908904166]	[-73.9809, 40.7715]	0.00947441624609	0.015	
#current running_schedules: 3
task7	TaskState.picking	0	[-73.96614837646484, 40.770206451416016]	[-73.96614837646484, 40.770206451416016]	[-73.96348571777344, 40.771549224853516]	1.0	0.2	3.0	0	0.00298207843817	
task9	TaskState.picked	2	[-73.95343017578125, 40.79113006591797]	[-73.95343017578125, 40.79113006591797]	[-73.95108795166016, 40.790958404541016]	1.0	2.0	10.5	0	0.00234850621923	
task10	TaskState.picking	3	[-73.92613983154297, 40.76236343383789]	[-73.92613983154297, 40.76236343383789]	[-73.93574523925781, 40.75581359863281]	6.0	0.85	5.0	0	0.0116260138733	
#current pending_schedules: 2
task12	TaskState.pending	-1	[-73.95551300048828, 40.78232955932617]	[-73.95551300048828, 40.78232955932617]	[-74.01099395751953, 40.716190338134766]	1.0	9.4	28.5	0	0.0863280555376	
task11	TaskState.pending	-1	[-73.97575378417969, 40.75460433959961]	[-73.97575378417969, 40.75460433959961]	[-73.98540496826172, 40.758140563964844]	1.0	0.7	8.0	0	0.0102786301104	
#current finished_schedules: 7
task1	TaskState.finished	0	[-73.9546890258789, 40.78377914428711]	[-73.9546890258789, 40.78377914428711]	[-73.96189880371094, 40.77627944946289]	1.0	0.71	5.5	1	0.0104031879173	
task2	TaskState.finished	1	[-73.9546890258789, 40.78377914428711]	[-73.9546890258789, 40.78377914428711]	[-73.96189880371094, 40.77627944946289]	1.0	0.71	5.5	1	0.0104031879173	
task3	TaskState.finished	2	[-73.96552276611328, 40.79529571533203]	[-73.96552276611328, 40.79529571533203]	[-73.96797943115234, 40.80131912231445]	1.0	0.8	4.5	1	0.00650512373365	
task4	TaskState.finished	3	[-73.9869613647461, 40.75517654418945]	[-73.9869613647461, 40.75517654418945]	[-73.98139953613281, 40.74864196777344]	1.0	0.8	5.5	1	0.0085810620823	
task5	TaskState.finished	4	[-73.99939727783203, 40.744056701660156]	[-73.99939727783203, 40.744056701660156]	[-73.99156188964844, 40.745521545410156]	1.0	0.6	5.5	1	0.00797114014427	
task6	TaskState.finished	1	[-73.99170684814453, 40.73154830932617]	[-73.99170684814453, 40.73154830932617]	[-73.9963607788086, 40.73789978027344]	1.0	0.75	5.5	1	0.00787402399157	
task8	TaskState.finished	0	[-73.97846221923828, 40.75223159790039]	[-73.97846221923828, 40.75223159790039]	[-73.97942352294922, 40.76137161254883]	1.0	0.91	7.5	1	0.00919042831419	
#total reward:-0.235542753693

#states step:12
#current participants:
0	ParticipantState.working	task7	[-73.98674713547605, 40.76024133408959]	[-74.00025004443172, 40.75370899532501]	[-73.96614837646484, 40.770206451416016]	0.0228825793155	0.015	
1	ParticipantState.working	task12	[-73.9547290108591, 40.746824631245005]	[-73.9547290108591, 40.746824631245005]	[-73.95551300048828, 40.78232955932617]	0.0355135827225	0.015	
2	ParticipantState.available	NULL	[-73.93204819693261, 40.77494502455106]	[-73.93204819693261, 40.77494502455106]	[-74.0065, 40.7439]	0.0806651382529	0.0	
3	ParticipantState.working	task10	[-73.95324056927195, 40.75016267456033]	[-73.98059616394211, 40.73784717862059]	[-73.92613983154297, 40.76236343383789]	0.0297205065974	0.015	
4	ParticipantState.available	NULL	[-73.99286360980658, 40.750148908904166]	[-73.99286360980658, 40.750148908904166]	[-73.9623, 40.7781]	0.0414173603439	0.0	
#current running_schedules: 3
task7	TaskState.picking	0	[-73.96614837646484, 40.770206451416016]	[-73.96614837646484, 40.770206451416016]	[-73.96348571777344, 40.771549224853516]	1.0	0.2	3.0	0	0.00298207843817	
task12	TaskState.picking	1	[-73.95551300048828, 40.78232955932617]	[-73.95551300048828, 40.78232955932617]	[-74.01099395751953, 40.716190338134766]	1.0	9.4	28.5	0	0.0863280555376	
task10	TaskState.picking	3	[-73.92613983154297, 40.76236343383789]	[-73.92613983154297, 40.76236343383789]	[-73.93574523925781, 40.75581359863281]	6.0	0.85	5.0	0	0.0116260138733	
#current pending_schedules: 2
task13	TaskState.pending	-1	[-73.99526977539062, 40.75996780395508]	[-73.99526977539062, 40.75996780395508]	[-73.98591613769531, 40.766883850097656]	1.0	0.9	7.0	0	0.0116328084477	
task11	TaskState.pending	-1	[-73.97575378417969, 40.75460433959961]	[-73.97575378417969, 40.75460433959961]	[-73.98540496826172, 40.758140563964844]	1.0	0.7	8.0	0	0.0102786301104	
#current finished_schedules: 8
task1	TaskState.finished	0	[-73.9546890258789, 40.78377914428711]	[-73.9546890258789, 40.78377914428711]	[-73.96189880371094, 40.77627944946289]	1.0	0.71	5.5	1	0.0104031879173	
task2	TaskState.finished	1	[-73.9546890258789, 40.78377914428711]	[-73.9546890258789, 40.78377914428711]	[-73.96189880371094, 40.77627944946289]	1.0	0.71	5.5	1	0.0104031879173	
task3	TaskState.finished	2	[-73.96552276611328, 40.79529571533203]	[-73.96552276611328, 40.79529571533203]	[-73.96797943115234, 40.80131912231445]	1.0	0.8	4.5	1	0.00650512373365	
task4	TaskState.finished	3	[-73.9869613647461, 40.75517654418945]	[-73.9869613647461, 40.75517654418945]	[-73.98139953613281, 40.74864196777344]	1.0	0.8	5.5	1	0.0085810620823	
task5	TaskState.finished	4	[-73.99939727783203, 40.744056701660156]	[-73.99939727783203, 40.744056701660156]	[-73.99156188964844, 40.745521545410156]	1.0	0.6	5.5	1	0.00797114014427	
task6	TaskState.finished	1	[-73.99170684814453, 40.73154830932617]	[-73.99170684814453, 40.73154830932617]	[-73.9963607788086, 40.73789978027344]	1.0	0.75	5.5	1	0.00787402399157	
task8	TaskState.finished	0	[-73.97846221923828, 40.75223159790039]	[-73.97846221923828, 40.75223159790039]	[-73.97942352294922, 40.76137161254883]	1.0	0.91	7.5	1	0.00919042831419	
task9	TaskState.finished	2	[-73.95343017578125, 40.79113006591797]	[-73.95343017578125, 40.79113006591797]	[-73.95108795166016, 40.790958404541016]	1.0	2.0	10.5	1	0.00234850621923	
#total reward:-0.273497235035

#states step:13
#current participants:
0	ParticipantState.working	task7	[-73.97324422652042, 40.76677367285417]	[-74.00025004443172, 40.75370899532501]	[-73.96614837646484, 40.770206451416016]	0.00788257931552	0.015	
1	ParticipantState.working	task12	[-73.95506014738592, 40.76182097575294]	[-73.9547290108591, 40.746824631245005]	[-73.95551300048828, 40.78232955932617]	0.0205135827225	0.015	
2	ParticipantState.working	task13	[-73.94589280279581, 40.76917208002568]	[-73.94589280279581, 40.76917208002568]	[-73.99526977539062, 40.75996780395508]	0.0502275235365	0.015	
3	ParticipantState.working	task10	[-73.93956277193689, 40.756320422530194]	[-73.98059616394211, 40.73784717862059]	[-73.92613983154297, 40.76236343383789]	0.0147205065974	0.015	
4	ParticipantState.available	NULL	[-73.98179447977772, 40.76027187094125]	[-73.99286360980658, 40.750148908904166]	[-73.9623, 40.7781]	0.0264173603439	0.015	
#current running_schedules: 4
task7	TaskState.picking	0	[-73.96614837646484, 40.770206451416016]	[-73.96614837646484, 40.770206451416016]	[-73.96348571777344, 40.771549224853516]	1.0	0.2	3.0	0	0.00298207843817	
task12	TaskState.picking	1	[-73.95551300048828, 40.78232955932617]	[-73.95551300048828, 40.78232955932617]	[-74.01099395751953, 40.716190338134766]	1.0	9.4	28.5	0	0.0863280555376	
task13	TaskState.picking	2	[-73.99526977539062, 40.75996780395508]	[-73.99526977539062, 40.75996780395508]	[-73.98591613769531, 40.766883850097656]	1.0	0.9	7.0	0	0.0116328084477	
task10	TaskState.picking	3	[-73.92613983154297, 40.76236343383789]	[-73.92613983154297, 40.76236343383789]	[-73.93574523925781, 40.75581359863281]	6.0	0.85	5.0	0	0.0116260138733	
#current pending_schedules: 2
task11	TaskState.pending	-1	[-73.97575378417969, 40.75460433959961]	[-73.97575378417969, 40.75460433959961]	[-73.98540496826172, 40.758140563964844]	1.0	0.7	8.0	0	0.0102786301104	
task14	TaskState.pending	-1	[-73.947998046875, 40.77464294433594]	[-73.947998046875, 40.77464294433594]	[-73.96395111083984, 40.773799896240234]	1.0	1.1	6.5	0	0.0159753240956	
#current finished_schedules: 8
task1	TaskState.finished	0	[-73.9546890258789, 40.78377914428711]	[-73.9546890258789, 40.78377914428711]	[-73.96189880371094, 40.77627944946289]	1.0	0.71	5.5	1	0.0104031879173	
task2	TaskState.finished	1	[-73.9546890258789, 40.78377914428711]	[-73.9546890258789, 40.78377914428711]	[-73.96189880371094, 40.77627944946289]	1.0	0.71	5.5	1	0.0104031879173	
task3	TaskState.finished	2	[-73.96552276611328, 40.79529571533203]	[-73.96552276611328, 40.79529571533203]	[-73.96797943115234, 40.80131912231445]	1.0	0.8	4.5	1	0.00650512373365	
task4	TaskState.finished	3	[-73.9869613647461, 40.75517654418945]	[-73.9869613647461, 40.75517654418945]	[-73.98139953613281, 40.74864196777344]	1.0	0.8	5.5	1	0.0085810620823	
task5	TaskState.finished	4	[-73.99939727783203, 40.744056701660156]	[-73.99939727783203, 40.744056701660156]	[-73.99156188964844, 40.745521545410156]	1.0	0.6	5.5	1	0.00797114014427	
task6	TaskState.finished	1	[-73.99170684814453, 40.73154830932617]	[-73.99170684814453, 40.73154830932617]	[-73.9963607788086, 40.73789978027344]	1.0	0.75	5.5	1	0.00787402399157	
task8	TaskState.finished	0	[-73.97846221923828, 40.75223159790039]	[-73.97846221923828, 40.75223159790039]	[-73.97942352294922, 40.76137161254883]	1.0	0.91	7.5	1	0.00919042831419	
task9	TaskState.finished	2	[-73.95343017578125, 40.79113006591797]	[-73.95343017578125, 40.79113006591797]	[-73.95108795166016, 40.790958404541016]	1.0	2.0	10.5	1	0.00234850621923	
#total reward:-0.333497235035

#states step:14
#current participants:
0	ParticipantState.working	task7	[-73.96614837646484, 40.770206451416016]	[-74.00025004443172, 40.75370899532501]	[-73.96614837646484, 40.770206451416016]	0.0	0.00788257931555	
1	ParticipantState.working	task12	[-73.95539128391275, 40.776817320260875]	[-73.9547290108591, 40.746824631245005]	[-73.95551300048828, 40.78232955932617]	0.00551358272249	0.015	
2	ParticipantState.working	task13	[-73.96063879337575, 40.766423305422876]	[-73.94589280279581, 40.76917208002568]	[-73.99526977539062, 40.75996780395508]	0.0352275235365	0.015	
3	ParticipantState.working	task10	[-73.92613983154297, 40.76236343383789]	[-73.98059616394211, 40.73784717862059]	[-73.92613983154297, 40.76236343383789]	0.0	0.0147205065974	
4	ParticipantState.working	task11	[-73.97072534974886, 40.77039483297834]	[-73.97072534974886, 40.77039483297834]	[-73.97575378417969, 40.75460433959961]	0.0165718084097	0.015	
#current running_schedules: 5
task7	TaskState.picked	0	[-73.96614837646484, 40.770206451416016]	[-73.96614837646484, 40.770206451416016]	[-73.96348571777344, 40.771549224853516]	1.0	0.2	3.0	0	0.00298207843817	
task12	TaskState.picking	1	[-73.95551300048828, 40.78232955932617]	[-73.95551300048828, 40.78232955932617]	[-74.01099395751953, 40.716190338134766]	1.0	9.4	28.5	0	0.0863280555376	
task13	TaskState.picking	2	[-73.99526977539062, 40.75996780395508]	[-73.99526977539062, 40.75996780395508]	[-73.98591613769531, 40.766883850097656]	1.0	0.9	7.0	0	0.0116328084477	
task10	TaskState.picked	3	[-73.92613983154297, 40.76236343383789]	[-73.92613983154297, 40.76236343383789]	[-73.93574523925781, 40.75581359863281]	6.0	0.85	5.0	0	0.0116260138733	
task11	TaskState.picking	4	[-73.97575378417969, 40.75460433959961]	[-73.97575378417969, 40.75460433959961]	[-73.98540496826172, 40.758140563964844]	1.0	0.7	8.0	0	0.0102786301104	
#current pending_schedules: 2
task14	TaskState.pending	-1	[-73.947998046875, 40.77464294433594]	[-73.947998046875, 40.77464294433594]	[-73.96395111083984, 40.773799896240234]	1.0	1.1	6.5	0	0.0159753240956	
task15	TaskState.pending	-1	[-73.99247741699219, 40.753501892089844]	[-73.99247741699219, 40.753501892089844]	[-73.97318267822266, 40.7623291015625]	1.0	1.59	12.5	0	0.0212180718082	
#current finished_schedules: 8
task1	TaskState.finished	0	[-73.9546890258789, 40.78377914428711]	[-73.9546890258789, 40.78377914428711]	[-73.96189880371094, 40.77627944946289]	1.0	0.71	5.5	1	0.0104031879173	
task2	TaskState.finished	1	[-73.9546890258789, 40.78377914428711]	[-73.9546890258789, 40.78377914428711]	[-73.96189880371094, 40.77627944946289]	1.0	0.71	5.5	1	0.0104031879173	
task3	TaskState.finished	2	[-73.96552276611328, 40.79529571533203]	[-73.96552276611328, 40.79529571533203]	[-73.96797943115234, 40.80131912231445]	1.0	0.8	4.5	1	0.00650512373365	
task4	TaskState.finished	3	[-73.9869613647461, 40.75517654418945]	[-73.9869613647461, 40.75517654418945]	[-73.98139953613281, 40.74864196777344]	1.0	0.8	5.5	1	0.0085810620823	
task5	TaskState.finished	4	[-73.99939727783203, 40.744056701660156]	[-73.99939727783203, 40.744056701660156]	[-73.99156188964844, 40.745521545410156]	1.0	0.6	5.5	1	0.00797114014427	
task6	TaskState.finished	1	[-73.99170684814453, 40.73154830932617]	[-73.99170684814453, 40.73154830932617]	[-73.9963607788086, 40.73789978027344]	1.0	0.75	5.5	1	0.00787402399157	
task8	TaskState.finished	0	[-73.97846221923828, 40.75223159790039]	[-73.97846221923828, 40.75223159790039]	[-73.97942352294922, 40.76137161254883]	1.0	0.91	7.5	1	0.00919042831419	
task9	TaskState.finished	2	[-73.95343017578125, 40.79113006591797]	[-73.95343017578125, 40.79113006591797]	[-73.95108795166016, 40.790958404541016]	1.0	2.0	10.5	1	0.00234850621923	
#total reward:-0.401100320948

#states step:15
#current participants:
0	ParticipantState.available	NULL	[-74.00025004443172, 40.75370899532501]	[-74.00025004443172, 40.75370899532501]	[-74.0399, 40.7126]	0.0571145206861	0.0	
1	ParticipantState.working	task12	[-73.95551300048828, 40.78232955932617]	[-73.9547290108591, 40.746824631245005]	[-73.95551300048828, 40.78232955932617]	0.0	0.00551358272249	
2	ParticipantState.working	task13	[-73.97538478395566, 40.76367453082007]	[-73.94589280279581, 40.76917208002568]	[-73.99526977539062, 40.75996780395508]	0.0202275235365	0.015	
3	ParticipantState.available	NULL	[-73.98059616394211, 40.73784717862059]	[-73.98059616394211, 40.73784717862059]	[-73.8624, 40.7684]	0.122081153602	0.0	
4	ParticipantState.working	task11	[-73.97527684555412, 40.75610204158076]	[-73.97072534974886, 40.77039483297834]	[-73.97575378417969, 40.75460433959961]	0.00157180840973	0.015	
#current running_schedules: 3
task12	TaskState.picked	1	[-73.95551300048828, 40.78232955932617]	[-73.95551300048828, 40.78232955932617]	[-74.01099395751953, 40.716190338134766]	1.0	9.4	28.5	0	0.0863280555376	
task13	TaskState.picking	2	[-73.99526977539062, 40.75996780395508]	[-73.99526977539062, 40.75996780395508]	[-73.98591613769531, 40.766883850097656]	1.0	0.9	7.0	0	0.0116328084477	
task11	TaskState.picking	4	[-73.97575378417969, 40.75460433959961]	[-73.97575378417969, 40.75460433959961]	[-73.98540496826172, 40.758140563964844]	1.0	0.7	8.0	0	0.0102786301104	
#current pending_schedules: 3
task16	TaskState.pending	-1	[-73.9915771484375, 40.75001907348633]	[-73.9915771484375, 40.75001907348633]	[-74.00708770751953, 40.71038055419922]	5.0	3.09	15.0	0	0.0425651225102	
task14	TaskState.pending	-1	[-73.947998046875, 40.77464294433594]	[-73.947998046875, 40.77464294433594]	[-73.96395111083984, 40.773799896240234]	1.0	1.1	6.5	0	0.0159753240956	
task15	TaskState.pending	-1	[-73.99247741699219, 40.753501892089844]	[-73.99247741699219, 40.753501892089844]	[-73.97318267822266, 40.7623291015625]	1.0	1.59	12.5	0	0.0212180718082	
#current finished_schedules: 10
task1	TaskState.finished	0	[-73.9546890258789, 40.78377914428711]	[-73.9546890258789, 40.78377914428711]	[-73.96189880371094, 40.77627944946289]	1.0	0.71	5.5	1	0.0104031879173	
task2	TaskState.finished	1	[-73.9546890258789, 40.78377914428711]	[-73.9546890258789, 40.78377914428711]	[-73.96189880371094, 40.77627944946289]	1.0	0.71	5.5	1	0.0104031879173	
task3	TaskState.finished	2	[-73.96552276611328, 40.79529571533203]	[-73.96552276611328, 40.79529571533203]	[-73.96797943115234, 40.80131912231445]	1.0	0.8	4.5	1	0.00650512373365	
task4	TaskState.finished	3	[-73.9869613647461, 40.75517654418945]	[-73.9869613647461, 40.75517654418945]	[-73.98139953613281, 40.74864196777344]	1.0	0.8	5.5	1	0.0085810620823	
task5	TaskState.finished	4	[-73.99939727783203, 40.744056701660156]	[-73.99939727783203, 40.744056701660156]	[-73.99156188964844, 40.745521545410156]	1.0	0.6	5.5	1	0.00797114014427	
task6	TaskState.finished	1	[-73.99170684814453, 40.73154830932617]	[-73.99170684814453, 40.73154830932617]	[-73.9963607788086, 40.73789978027344]	1.0	0.75	5.5	1	0.00787402399157	
task7	TaskState.finished	0	[-73.96614837646484, 40.770206451416016]	[-73.96614837646484, 40.770206451416016]	[-73.96348571777344, 40.771549224853516]	1.0	0.2	3.0	1	0.00298207843817	
task8	TaskState.finished	0	[-73.97846221923828, 40.75223159790039]	[-73.97846221923828, 40.75223159790039]	[-73.97942352294922, 40.76137161254883]	1.0	0.91	7.5	1	0.00919042831419	
task9	TaskState.finished	2	[-73.95343017578125, 40.79113006591797]	[-73.95343017578125, 40.79113006591797]	[-73.95108795166016, 40.790958404541016]	1.0	2.0	10.5	1	0.00234850621923	
task10	TaskState.finished	3	[-73.92613983154297, 40.76236343383789]	[-73.92613983154297, 40.76236343383789]	[-73.93574523925781, 40.75581359863281]	6.0	0.85	5.0	1	0.0116260138733	
#total reward:-0.392789626736

#states step:16
#current participants:
0	ParticipantState.working	task16	[-74.01066332158751, 40.742912530214774]	[-74.01066332158751, 40.742912530214774]	[-73.9915771484375, 40.75001907348633]	0.0203662702227	0.015	
1	ParticipantState.available	NULL	[-73.9547290108591, 40.746824631245005]	[-73.9547290108591, 40.746824631245005]	[-73.9772, 40.7325]	0.0266484598669	0.0	
2	ParticipantState.working	task13	[-73.99013077453556, 40.76092575621726]	[-73.94589280279581, 40.76917208002568]	[-73.99526977539062, 40.75996780395508]	0.00522752353651	0.015	
3	ParticipantState.available	NULL	[-73.96607350907838, 40.74160117591803]	[-73.98059616394211, 40.73784717862059]	[-73.8624, 40.7684]	0.107081153602	0.015	
4	ParticipantState.working	task11	[-73.97575378417969, 40.75460433959961]	[-73.97072534974886, 40.77039483297834]	[-73.97575378417969, 40.75460433959961]	0.0	0.00157180840973	
#current running_schedules: 3
task13	TaskState.picking	2	[-73.99526977539062, 40.75996780395508]	[-73.99526977539062, 40.75996780395508]	[-73.98591613769531, 40.766883850097656]	1.0	0.9	7.0	0	0.0116328084477	
task11	TaskState.picked	4	[-73.97575378417969, 40.75460433959961]	[-73.97575378417969, 40.75460433959961]	[-73.98540496826172, 40.758140563964844]	1.0	0.7	8.0	0	0.0102786301104	
task16	TaskState.picking	0	[-73.9915771484375, 40.75001907348633]	[-73.9915771484375, 40.75001907348633]	[-74.00708770751953, 40.71038055419922]	5.0	3.09	15.0	0	0.0425651225102	
#current pending_schedules: 3
task17	TaskState.pending	-1	[-73.96719360351562, 40.760650634765625]	[-73.96719360351562, 40.760650634765625]	[-73.962646484375, 40.76703643798828]	1.0	0.5	4.0	0	0.0078393096174	
task14	TaskState.pending	-1	[-73.947998046875, 40.77464294433594]	[-73.947998046875, 40.77464294433594]	[-73.96395111083984, 40.773799896240234]	1.0	1.1	6.5	0	0.0159753240956	
task15	TaskState.pending	-1	[-73.99247741699219, 40.753501892089844]	[-73.99247741699219, 40.753501892089844]	[-73.97318267822266, 40.7623291015625]	1.0	1.59	12.5	0	0.0212180718082	
#current finished_schedules: 11
task1	TaskState.finished	0	[-73.9546890258789, 40.78377914428711]	[-73.9546890258789, 40.78377914428711]	[-73.96189880371094, 40.77627944946289]	1.0	0.71	5.5	1	0.0104031879173	
task2	TaskState.finished	1	[-73.9546890258789, 40.78377914428711]	[-73.9546890258789, 40.78377914428711]	[-73.96189880371094, 40.77627944946289]	1.0	0.71	5.5	1	0.0104031879173	
task3	TaskState.finished	2	[-73.96552276611328, 40.79529571533203]	[-73.96552276611328, 40.79529571533203]	[-73.96797943115234, 40.80131912231445]	1.0	0.8	4.5	1	0.00650512373365	
task4	TaskState.finished	3	[-73.9869613647461, 40.75517654418945]	[-73.9869613647461, 40.75517654418945]	[-73.98139953613281, 40.74864196777344]	1.0	0.8	5.5	1	0.0085810620823	
task5	TaskState.finished	4	[-73.99939727783203, 40.744056701660156]	[-73.99939727783203, 40.744056701660156]	[-73.99156188964844, 40.745521545410156]	1.0	0.6	5.5	1	0.00797114014427	
task6	TaskState.finished	1	[-73.99170684814453, 40.73154830932617]	[-73.99170684814453, 40.73154830932617]	[-73.9963607788086, 40.73789978027344]	1.0	0.75	5.5	1	0.00787402399157	
task7	TaskState.finished	0	[-73.96614837646484, 40.770206451416016]	[-73.96614837646484, 40.770206451416016]	[-73.96348571777344, 40.771549224853516]	1.0	0.2	3.0	1	0.00298207843817	
task8	TaskState.finished	0	[-73.97846221923828, 40.75223159790039]	[-73.97846221923828, 40.75223159790039]	[-73.97942352294922, 40.76137161254883]	1.0	0.91	7.5	1	0.00919042831419	
task9	TaskState.finished	2	[-73.95343017578125, 40.79113006591797]	[-73.95343017578125, 40.79113006591797]	[-73.95108795166016, 40.790958404541016]	1.0	2.0	10.5	1	0.00234850621923	
task12	TaskState.finished	1	[-73.95551300048828, 40.78232955932617]	[-73.95551300048828, 40.78232955932617]	[-74.01099395751953, 40.716190338134766]	1.0	9.4	28.5	1	0.0863280555376	
task10	TaskState.finished	3	[-73.92613983154297, 40.76236343383789]	[-73.92613983154297, 40.76236343383789]	[-73.93574523925781, 40.75581359863281]	6.0	0.85	5.0	1	0.0116260138733	
#total reward:-0.165377268533

#states step:17
#current participants:
0	ParticipantState.working	task16	[-73.99660612829096, 40.74814658377038]	[-74.01066332158751, 40.742912530214774]	[-73.9915771484375, 40.75001907348633]	0.00536627022267	0.015	
1	ParticipantState.working	task17	[-73.96737757812329, 40.73876152104094]	[-73.96737757812329, 40.73876152104094]	[-73.96719360351562, 40.760650634765625]	0.0218898868501	0.015	
2	ParticipantState.working	task13	[-73.99526977539062, 40.75996780395508]	[-73.94589280279581, 40.76917208002568]	[-73.99526977539062, 40.75996780395508]	0.0	0.00522752353653	
3	ParticipantState.available	NULL	[-73.95155085421467, 40.745355173215465]	[-73.98059616394211, 40.73784717862059]	[-73.8624, 40.7684]	0.0920811536023	0.015	
4	ParticipantState.available	NULL	[-73.97072534974886, 40.77039483297834]	[-73.97072534974886, 40.77039483297834]	[-73.9951, 40.7256]	0.0509970649785	0.0	
#current running_schedules: 3
task13	TaskState.picked	2	[-73.99526977539062, 40.75996780395508]	[-73.99526977539062, 40.75996780395508]	[-73.98591613769531, 40.766883850097656]	1.0	0.9	7.0	0	0.0116328084477	
task16	TaskState.picking	0	[-73.9915771484375, 40.75001907348633]	[-73.9915771484375, 40.75001907348633]	[-74.00708770751953, 40.71038055419922]	5.0	3.09	15.0	0	0.0425651225102	
task17	TaskState.picking	1	[-73.96719360351562, 40.760650634765625]	[-73.96719360351562, 40.760650634765625]	[-73.962646484375, 40.76703643798828]	1.0	0.5	4.0	0	0.0078393096174	
#current pending_schedules: 3
task18	TaskState.pending	-1	[-73.98275756835938, 40.745479583740234]	[-73.98275756835938, 40.745479583740234]	[-73.9587173461914, 40.76554870605469]	1.0	2.18	16.5	0	0.0313161612009	
task14	TaskState.pending	-1	[-73.947998046875, 40.77464294433594]	[-73.947998046875, 40.77464294433594]	[-73.96395111083984, 40.773799896240234]	1.0	1.1	6.5	0	0.0159753240956	
task15	TaskState.pending	-1	[-73.99247741699219, 40.753501892089844]	[-73.99247741699219, 40.753501892089844]	[-73.97318267822266, 40.7623291015625]	1.0	1.59	12.5	0	0.0212180718082	
#current finished_schedules: 12
task1	TaskState.finished	0	[-73.9546890258789, 40.78377914428711]	[-73.9546890258789, 40.78377914428711]	[-73.96189880371094, 40.77627944946289]	1.0	0.71	5.5	1	0.0104031879173	
task2	TaskState.finished	1	[-73.9546890258789, 40.78377914428711]	[-73.9546890258789, 40.78377914428711]	[-73.96189880371094, 40.77627944946289]	1.0	0.71	5.5	1	0.0104031879173	
task3	TaskState.finished	2	[-73.96552276611328, 40.79529571533203]	[-73.96552276611328, 40.79529571533203]	[-73.96797943115234, 40.80131912231445]	1.0	0.8	4.5	1	0.00650512373365	
task4	TaskState.finished	3	[-73.9869613647461, 40.75517654418945]	[-73.9869613647461, 40.75517654418945]	[-73.98139953613281, 40.74864196777344]	1.0	0.8	5.5	1	0.0085810620823	
task5	TaskState.finished	4	[-73.99939727783203, 40.744056701660156]	[-73.99939727783203, 40.744056701660156]	[-73.99156188964844, 40.745521545410156]	1.0	0.6	5.5	1	0.00797114014427	
task6	TaskState.finished	1	[-73.99170684814453, 40.73154830932617]	[-73.99170684814453, 40.73154830932617]	[-73.9963607788086, 40.73789978027344]	1.0	0.75	5.5	1	0.00787402399157	
task7	TaskState.finished	0	[-73.96614837646484, 40.770206451416016]	[-73.96614837646484, 40.770206451416016]	[-73.96348571777344, 40.771549224853516]	1.0	0.2	3.0	1	0.00298207843817	
task8	TaskState.finished	0	[-73.97846221923828, 40.75223159790039]	[-73.97846221923828, 40.75223159790039]	[-73.97942352294922, 40.76137161254883]	1.0	0.91	7.5	1	0.00919042831419	
task9	TaskState.finished	2	[-73.95343017578125, 40.79113006591797]	[-73.95343017578125, 40.79113006591797]	[-73.95108795166016, 40.790958404541016]	1.0	2.0	10.5	1	0.00234850621923	
task12	TaskState.finished	1	[-73.95551300048828, 40.78232955932617]	[-73.95551300048828, 40.78232955932617]	[-74.01099395751953, 40.716190338134766]	1.0	9.4	28.5	1	0.0863280555376	
task10	TaskState.finished	3	[-73.92613983154297, 40.76236343383789]	[-73.92613983154297, 40.76236343383789]	[-73.93574523925781, 40.75581359863281]	6.0	0.85	5.0	1	0.0116260138733	
task11	TaskState.finished	4	[-73.97575378417969, 40.75460433959961]	[-73.97575378417969, 40.75460433959961]	[-73.98540496826172, 40.758140563964844]	1.0	0.7	8.0	1	0.0102786301104	
#total reward:-0.169768901738

#states step:18
#current participants:
0	ParticipantState.working	task16	[-73.9915771484375, 40.75001907348633]	[-74.01066332158751, 40.742912530214774]	[-73.9915771484375, 40.75001907348633]	0.0	0.00536627022269	
1	ParticipantState.working	task17	[-73.96725150990129, 40.75376099125837]	[-73.96737757812329, 40.73876152104094]	[-73.96719360351562, 40.760650634765625]	0.00688988685006	0.015	
2	ParticipantState.available	NULL	[-73.94589280279581, 40.76917208002568]	[-73.94589280279581, 40.76917208002568]	[-73.9772, 40.6836]	0.0911192706111	0.0	
3	ParticipantState.working	task18	[-73.93702819935093, 40.7491091705129]	[-73.93702819935093, 40.7491091705129]	[-73.98275756835938, 40.745479583740234]	0.0458731848693	0.015	
4	ParticipantState.available	NULL	[-73.97789477712512, 40.75721912384766]	[-73.97072534974886, 40.77039483297834]	[-73.9951, 40.7256]	0.0359970649785	0.015	
#current running_schedules: 3
task18	TaskState.picking	3	[-73.98275756835938, 40.745479583740234]	[-73.98275756835938, 40.745479583740234]	[-73.9587173461914, 40.76554870605469]	1.0	2.18	16.5	0	0.0313161612009	
task16	TaskState.picked	0	[-73.9915771484375, 40.75001907348633]	[-73.9915771484375, 40.75001907348633]	[-74.00708770751953, 40.71038055419922]	5.0	3.09	15.0	0	0.0425651225102	
task17	TaskState.picking	1	[-73.96719360351562, 40.760650634765625]	[-73.96719360351562, 40.760650634765625]	[-73.962646484375, 40.76703643798828]	1.0	0.5	4.0	0	0.0078393096174	
#current pending_schedules: 3
task19	TaskState.pending	-1	[-74.01295471191406, 40.70200729370117]	[-74.01295471191406, 40.70200729370117]	[-73.97388458251953, 40.7551155090332]	1.0	5.65	20.5	0	0.0659314609777	
task14	TaskState.pending	-1	[-73.947998046875, 40.77464294433594]	[-73.947998046875, 40.77464294433594]	[-73.96395111083984, 40.773799896240234]	1.0	1.1	6.5	0	0.0159753240956	
task15	TaskState.pending	-1	[-73.99247741699219, 40.753501892089844]	[-73.99247741699219, 40.753501892089844]	[-73.97318267822266, 40.7623291015625]	1.0	1.59	12.5	0	0.0212180718082	
#current finished_schedules: 13
task1	TaskState.finished	0	[-73.9546890258789, 40.78377914428711]	[-73.9546890258789, 40.78377914428711]	[-73.96189880371094, 40.77627944946289]	1.0	0.71	5.5	1	0.0104031879173	
task2	TaskState.finished	1	[-73.9546890258789, 40.78377914428711]	[-73.9546890258789, 40.78377914428711]	[-73.96189880371094, 40.77627944946289]	1.0	0.71	5.5	1	0.0104031879173	
task3	TaskState.finished	2	[-73.96552276611328, 40.79529571533203]	[-73.96552276611328, 40.79529571533203]	[-73.96797943115234, 40.80131912231445]	1.0	0.8	4.5	1	0.00650512373365	
task4	TaskState.finished	3	[-73.9869613647461, 40.75517654418945]	[-73.9869613647461, 40.75517654418945]	[-73.98139953613281, 40.74864196777344]	1.0	0.8	5.5	1	0.0085810620823	
task5	TaskState.finished	4	[-73.99939727783203, 40.744056701660156]	[-73.99939727783203, 40.744056701660156]	[-73.99156188964844, 40.745521545410156]	1.0	0.6	5.5	1	0.00797114014427	
task6	TaskState.finished	1	[-73.99170684814453, 40.73154830932617]	[-73.99170684814453, 40.73154830932617]	[-73.9963607788086, 40.73789978027344]	1.0	0.75	5.5	1	0.00787402399157	
task7	TaskState.finished	0	[-73.96614837646484, 40.770206451416016]	[-73.96614837646484, 40.770206451416016]	[-73.96348571777344, 40.771549224853516]	1.0	0.2	3.0	1	0.00298207843817	
task8	TaskState.finished	0	[-73.97846221923828, 40.75223159790039]	[-73.97846221923828, 40.75223159790039]	[-73.97942352294922, 40.76137161254883]	1.0	0.91	7.5	1	0.00919042831419	
task9	TaskState.finished	2	[-73.95343017578125, 40.79113006591797]	[-73.95343017578125, 40.79113006591797]	[-73.95108795166016, 40.790958404541016]	1.0	2.0	10.5	1	0.00234850621923	
task12	TaskState.finished	1	[-73.95551300048828, 40.78232955932617]	[-73.95551300048828, 40.78232955932617]	[-74.01099395751953, 40.716190338134766]	1.0	9.4	28.5	1	0.0863280555376	
task13	TaskState.finished	2	[-73.99526977539062, 40.75996780395508]	[-73.99526977539062, 40.75996780395508]	[-73.98591613769531, 40.766883850097656]	1.0	0.9	7.0	1	0.0116328084477	
task10	TaskState.finished	3	[-73.92613983154297, 40.76236343383789]	[-73.92613983154297, 40.76236343383789]	[-73.93574523925781, 40.75581359863281]	6.0	0.85	5.0	1	0.0116260138733	
task11	TaskState.finished	4	[-73.97575378417969, 40.75460433959961]	[-73.97575378417969, 40.75460433959961]	[-73.98540496826172, 40.758140563964844]	1.0	0.7	8.0	1	0.0102786301104	
#total reward:-0.170236746618

#states step:19
#current participants:
0	ParticipantState.available	NULL	[-74.01066332158751, 40.742912530214774]	[-74.01066332158751, 40.742912530214774]	[-73.9893, 40.7753]	0.0387987075602	0.0	
1	ParticipantState.working	task17	[-73.96719360351562, 40.760650634765625]	[-73.96737757812329, 40.73876152104094]	[-73.96719360351562, 40.760650634765625]	0.0	0.00688988685006	
2	ParticipantState.working	task19	[-73.95104657493329, 40.75508525523246]	[-73.95104657493329, 40.75508525523246]	[-74.01295471191406, 40.70200729370117]	0.0815468419054	0.015	
3	ParticipantState.working	task18	[-73.9519811732306, 40.7479223376879]	[-73.93702819935093, 40.7491091705129]	[-73.98275756835938, 40.745479583740234]	0.0308731848693	0.015	
4	ParticipantState.available	NULL	[-73.9850642045014, 40.74404341471699]	[-73.97072534974886, 40.77039483297834]	[-73.9951, 40.7256]	0.0209970649785	0.015	
#current running_schedules: 3
task18	TaskState.picking	3	[-73.98275756835938, 40.745479583740234]	[-73.98275756835938, 40.745479583740234]	[-73.9587173461914, 40.76554870605469]	1.0	2.18	16.5	0	0.0313161612009	
task19	TaskState.picking	2	[-74.01295471191406, 40.70200729370117]	[-74.01295471191406, 40.70200729370117]	[-73.97388458251953, 40.7551155090332]	1.0	5.65	20.5	0	0.0659314609777	
task17	TaskState.picked	1	[-73.96719360351562, 40.760650634765625]	[-73.96719360351562, 40.760650634765625]	[-73.962646484375, 40.76703643798828]	1.0	0.5	4.0	0	0.0078393096174	
#current pending_schedules: 3
task20	TaskState.pending	-1	[-73.98381805419922, 40.73902893066406]	[-73.98381805419922, 40.73902893066406]	[-73.96997833251953, 40.75740051269531]	1.0	1.54	10.0	0	0.0230011504604	
task14	TaskState.pending	-1	[-73.947998046875, 40.77464294433594]	[-73.947998046875, 40.77464294433594]	[-73.96395111083984, 40.773799896240234]	1.0	1.1	6.5	0	0.0159753240956	
task15	TaskState.pending	-1	[-73.99247741699219, 40.753501892089844]	[-73.99247741699219, 40.753501892089844]	[-73.97318267822266, 40.7623291015625]	1.0	1.59	12.5	0	0.0212180718082	
#current finished_schedules: 14
task1	TaskState.finished	0	[-73.9546890258789, 40.78377914428711]	[-73.9546890258789, 40.78377914428711]	[-73.96189880371094, 40.77627944946289]	1.0	0.71	5.5	1	0.0104031879173	
task2	TaskState.finished	1	[-73.9546890258789, 40.78377914428711]	[-73.9546890258789, 40.78377914428711]	[-73.96189880371094, 40.77627944946289]	1.0	0.71	5.5	1	0.0104031879173	
task3	TaskState.finished	2	[-73.96552276611328, 40.79529571533203]	[-73.96552276611328, 40.79529571533203]	[-73.96797943115234, 40.80131912231445]	1.0	0.8	4.5	1	0.00650512373365	
task4	TaskState.finished	3	[-73.9869613647461, 40.75517654418945]	[-73.9869613647461, 40.75517654418945]	[-73.98139953613281, 40.74864196777344]	1.0	0.8	5.5	1	0.0085810620823	
task5	TaskState.finished	4	[-73.99939727783203, 40.744056701660156]	[-73.99939727783203, 40.744056701660156]	[-73.99156188964844, 40.745521545410156]	1.0	0.6	5.5	1	0.00797114014427	
task6	TaskState.finished	1	[-73.99170684814453, 40.73154830932617]	[-73.99170684814453, 40.73154830932617]	[-73.9963607788086, 40.73789978027344]	1.0	0.75	5.5	1	0.00787402399157	
task7	TaskState.finished	0	[-73.96614837646484, 40.770206451416016]	[-73.96614837646484, 40.770206451416016]	[-73.96348571777344, 40.771549224853516]	1.0	0.2	3.0	1	0.00298207843817	
task8	TaskState.finished	0	[-73.97846221923828, 40.75223159790039]	[-73.97846221923828, 40.75223159790039]	[-73.97942352294922, 40.76137161254883]	1.0	0.91	7.5	1	0.00919042831419	
task9	TaskState.finished	2	[-73.95343017578125, 40.79113006591797]	[-73.95343017578125, 40.79113006591797]	[-73.95108795166016, 40.790958404541016]	1.0	2.0	10.5	1	0.00234850621923	
task12	TaskState.finished	1	[-73.95551300048828, 40.78232955932617]	[-73.95551300048828, 40.78232955932617]	[-74.01099395751953, 40.716190338134766]	1.0	9.4	28.5	1	0.0863280555376	
task13	TaskState.finished	2	[-73.99526977539062, 40.75996780395508]	[-73.99526977539062, 40.75996780395508]	[-73.98591613769531, 40.766883850097656]	1.0	0.9	7.0	1	0.0116328084477	
task10	TaskState.finished	3	[-73.92613983154297, 40.76236343383789]	[-73.92613983154297, 40.76236343383789]	[-73.93574523925781, 40.75581359863281]	6.0	0.85	5.0	1	0.0116260138733	
task11	TaskState.finished	4	[-73.97575378417969, 40.75460433959961]	[-73.97575378417969, 40.75460433959961]	[-73.98540496826172, 40.758140563964844]	1.0	0.7	8.0	1	0.0102786301104	
task16	TaskState.finished	0	[-73.9915771484375, 40.75001907348633]	[-73.9915771484375, 40.75001907348633]	[-74.00708770751953, 40.71038055419922]	5.0	3.09	15.0	1	0.0425651225102	
#total reward:-0.079431265937

