

states step:0
current participants:
0	ParticipantState.available	DEFAULT	[-74.0113, 40.7236]	[-74.0113, 40.7236]	[-73.9922, 40.7489]	0.0317001577283	
1	ParticipantState.available	DEFAULT	[-73.83, 40.8723]	[-73.83, 40.8723]	[-73.8726, 40.7741]	0.107042047813	
2	ParticipantState.available	DEFAULT	[-73.9926, 40.7584]	[-73.9926, 40.7584]	[-73.9835, 40.7841]	0.0272635287518	
3	ParticipantState.available	DEFAULT	[-74.0278, 40.7474]	[-74.0278, 40.7474]	[-73.9624, 40.7099]	0.0753883943323	
4	ParticipantState.available	DEFAULT	[-73.9693, 40.7661]	[-73.9693, 40.7661]	[-73.9799, 40.7862]	0.0227237760947	

current running_schedules: 0

current pending_schedules: 2
1459619972_00229	TaskState.pending	-1	[]	[-73.97786712646484, 40.7635383605957]	[-73.97895050048828, 40.74739074707031]	1.0	1.55	9.0	0.0	0.0	
1459620148_01158	TaskState.pending	-1	[]	[-73.9603271484375, 40.8131103515625]	[-73.95164489746094, 40.793540954589844]	1.0	1.9	10.0	0.0	0.0	

current finished_schedules: 0


states step:1
current participants:
0	ParticipantState.working	1459619972_00229	[-74.0113, 40.7236]	[-74.0113, 40.7236]	[-73.97895050048828, 40.74739074707031]	0.0401558185675	
1	ParticipantState.available	DEFAULT	[-73.83, 40.8723]	[-73.83, 40.8723]	[-74.2119, 40.6819]	0.426731496377	
2	ParticipantState.available	DEFAULT	[-73.9926, 40.7584]	[-73.9926, 40.7584]	[-74.0301, 40.743]	0.0405389935741	
3	ParticipantState.available	DEFAULT	[-74.0278, 40.7474]	[-74.0278, 40.7474]	[-73.7896, 40.6462]	0.258806259584	
4	ParticipantState.available	DEFAULT	[-73.9693, 40.7661]	[-73.9693, 40.7661]	[-73.83, 40.8723]	0.175165436088	

current running_schedules: 1
1459619972_00229	TaskState.picking	-1	[]	[-73.97786712646484, 40.7635383605957]	[-73.97895050048828, 40.74739074707031]	1.0	1.55	9.0	0.0	0.0	

current pending_schedules: 3
1459620234_01635	TaskState.pending	-1	[]	[-73.99906158447266, 40.73931884765625]	[-74.00564575195312, 40.73011016845703]	1.0	0.84	5.0	0.0	0.0	
1459620148_01158	TaskState.pending	-1	[]	[-73.9603271484375, 40.8131103515625]	[-73.95164489746094, 40.793540954589844]	1.0	1.9	10.0	0.0	0.0	
1459620284_01911	TaskState.pending	-1	[]	[-73.98724365234375, 40.76698684692383]	[-73.97466278076172, 40.7778434753418]	1.0	1.45	8.5	0.0	0.0	

current finished_schedules: 0


states step:2
current participants:
0	ParticipantState.working	1459619972_00229	[-73.97895050048828, 40.74739074707031]	[-74.0113, 40.7236]	[-73.97895050048828, 40.74739074707031]	0.0	
1	ParticipantState.working	1459620234_01635	[-73.61892611365688, 40.9775329614028]	[-73.61892611365688, 40.9775329614028]	[-74.00564575195312, 40.73011016845703]	0.459097067202	
2	ParticipantState.available	DEFAULT	[-73.9926, 40.7584]	[-73.9926, 40.7584]	[-73.9724, 40.7618]	0.0204841402065	
3	ParticipantState.available	DEFAULT	[-74.24487335961626, 40.83962428208717]	[-74.0278, 40.7474]	[-73.7896, 40.6462]	0.0229542685781	
4	ParticipantState.available	DEFAULT	[-73.9693, 40.7661]	[-73.9693, 40.7661]	[-73.9759, 40.7804]	0.0157496031696	

current running_schedules: 2
1459620234_01635	TaskState.picking	-1	[]	[-73.99906158447266, 40.73931884765625]	[-74.00564575195312, 40.73011016845703]	1.0	0.84	5.0	0.0	0.0	
1459619972_00229	TaskState.picked	-1	[]	[-73.97895050048828, 40.74739074707031]	[-73.97895050048828, 40.74739074707031]	1.0	1.55	9.0	0.0	0.0	

current pending_schedules: 4
1459620749_04463	TaskState.pending	-1	[]	[-73.98526763916016, 40.753150939941406]	[-73.9862289428711, 40.74567794799805]	1.0	0.69	7.0	0.0	0.0	
1459620148_01158	TaskState.pending	-1	[]	[-73.9603271484375, 40.8131103515625]	[-73.95164489746094, 40.793540954589844]	1.0	1.9	10.0	0.0	0.0	
1459620284_01911	TaskState.pending	-1	[]	[-73.98724365234375, 40.76698684692383]	[-73.97466278076172, 40.7778434753418]	1.0	1.45	8.5	0.0	0.0	
1459620578_03525	TaskState.pending	-1	[]	[-73.99144744873047, 40.74956130981445]	[-73.98143768310547, 40.743961334228516]	2.0	0.88	9.5	0.0	0.0	

current finished_schedules: 0


states step:3
current participants:
0	ParticipantState.available	DEFAULT	[-74.0113, 40.7236]	[-74.0113, 40.7236]	[-73.993, 40.7552]	0.0365164346562	
1	ParticipantState.working	1459620234_01635	[-73.42025658782147, 41.104641502287805]	[-73.61892611365688, 40.9775329614028]	[-74.00564575195312, 40.73011016845703]	0.223245076195	
2	ParticipantState.working	1459620749_04463	[-73.9926, 40.7584]	[-73.9926, 40.7584]	[-73.9862289428711, 40.74567794799805]	0.0142281754305	
3	ParticipantState.available	DEFAULT	[-74.46194671923253, 40.931848564174345]	[-74.0278, 40.7474]	[-73.7896, 40.6462]	0.258806259584	
4	ParticipantState.available	DEFAULT	[-73.9693, 40.7661]	[-73.9693, 40.7661]	[-73.9828, 40.7691]	0.0138293166859	

current running_schedules: 2
1459620234_01635	TaskState.picking	-1	[]	[-73.99906158447266, 40.73931884765625]	[-74.00564575195312, 40.73011016845703]	1.0	0.84	5.0	0.0	0.0	
1459620749_04463	TaskState.picking	-1	[]	[-73.98526763916016, 40.753150939941406]	[-73.9862289428711, 40.74567794799805]	1.0	0.69	7.0	0.0	0.0	

current pending_schedules: 5
1459621096_06320	TaskState.pending	-1	[]	[-73.97774505615234, 40.7728157043457]	[-73.98046112060547, 40.76459884643555]	1.0	0.77	5.0	0.0	0.0	
1459620936_05513	TaskState.pending	-1	[]	[-73.959716796875, 40.75856018066406]	[-73.94966888427734, 40.748748779296875]	1.0	2.48	14.5	0.0	0.0	
1459620284_01911	TaskState.pending	-1	[]	[-73.98724365234375, 40.76698684692383]	[-73.97466278076172, 40.7778434753418]	1.0	1.45	8.5	0.0	0.0	
1459620148_01158	TaskState.pending	-1	[]	[-73.9603271484375, 40.8131103515625]	[-73.95164489746094, 40.793540954589844]	1.0	1.9	10.0	0.0	0.0	
1459620578_03525	TaskState.pending	-1	[]	[-73.99144744873047, 40.74956130981445]	[-73.98143768310547, 40.743961334228516]	2.0	0.88	9.5	0.0	0.0	

current finished_schedules: 1
1459619972_00229	TaskState.finished	-1	[]	[-73.97895050048828, 40.74739074707031]	[-73.97895050048828, 40.74739074707031]	1.0	1.55	9.0	0.0	0.0	


states step:4
current participants:
0	ParticipantState.working	1459621096_06320	[-74.0113, 40.7236]	[-74.0113, 40.7236]	[-73.98046112060547, 40.76459884643555]	0.0513024550227	
1	ParticipantState.working	1459620234_01635	[-73.22158706198606, 41.23175004317281]	[-73.61892611365688, 40.9775329614028]	[-74.00564575195312, 40.73011016845703]	0.459097067202	
2	ParticipantState.working	1459620749_04463	[-73.9862289428711, 40.74567794799805]	[-73.9926, 40.7584]	[-73.9862289428711, 40.74567794799805]	0.0	
3	ParticipantState.available	DEFAULT	[-74.6790200788488, 41.02407284626152]	[-74.0278, 40.7474]	[-73.7896, 40.6462]	0.49465825059	
4	ParticipantState.available	DEFAULT	[-73.9693, 40.7661]	[-73.9693, 40.7661]	[-74.0, 40.7164]	0.0584172919605	

current running_schedules: 3
1459621096_06320	TaskState.picking	-1	[]	[-73.97774505615234, 40.7728157043457]	[-73.98046112060547, 40.76459884643555]	1.0	0.77	5.0	0.0	0.0	
1459620234_01635	TaskState.picking	-1	[]	[-73.99906158447266, 40.73931884765625]	[-74.00564575195312, 40.73011016845703]	1.0	0.84	5.0	0.0	0.0	
1459620749_04463	TaskState.picked	-1	[]	[-73.9862289428711, 40.74567794799805]	[-73.9862289428711, 40.74567794799805]	1.0	0.69	7.0	0.0	0.0	

current pending_schedules: 6
1459620936_05513	TaskState.pending	-1	[]	[-73.959716796875, 40.75856018066406]	[-73.94966888427734, 40.748748779296875]	1.0	2.48	14.5	0.0	0.0	
1459621152_06619	TaskState.pending	-1	[]	[-73.98235321044922, 40.77574920654297]	[-73.98075866699219, 40.759891510009766]	1.0	1.3	9.0	0.0	0.0	
1459620284_01911	TaskState.pending	-1	[]	[-73.98724365234375, 40.76698684692383]	[-73.97466278076172, 40.7778434753418]	1.0	1.45	8.5	0.0	0.0	
1459620148_01158	TaskState.pending	-1	[]	[-73.9603271484375, 40.8131103515625]	[-73.95164489746094, 40.793540954589844]	1.0	1.9	10.0	0.0	0.0	
1459620578_03525	TaskState.pending	-1	[]	[-73.99144744873047, 40.74956130981445]	[-73.98143768310547, 40.743961334228516]	2.0	0.88	9.5	0.0	0.0	
1459621188_06800	TaskState.pending	-1	[]	[-73.97312927246094, 40.7441291809082]	[-73.97997283935547, 40.753448486328125]	1.0	0.98	7.0	0.0	0.0	

current finished_schedules: 1
1459619972_00229	TaskState.finished	-1	[]	[-73.97895050048828, 40.74739074707031]	[-73.97895050048828, 40.74739074707031]	1.0	1.55	9.0	0.0	0.0	
